mode: set
github.com/par1ram/silence/rpc/dpi-bypass/cmd/main.go:5.13,5.26 1 0
github.com/par1ram/silence/rpc/dpi-bypass/internal/config/config.go:13.21,19.2 1 0
github.com/par1ram/silence/rpc/dpi-bypass/internal/config/config.go:21.46,22.42 1 0
github.com/par1ram/silence/rpc/dpi-bypass/internal/config/config.go:22.42,24.3 1 0
github.com/par1ram/silence/rpc/dpi-bypass/internal/config/config.go:25.2,25.21 1 0
github.com/par1ram/silence/rpc/dpi-bypass/internal/adapters/http/handlers.go:21.104,27.2 1 0
github.com/par1ram/silence/rpc/dpi-bypass/internal/adapters/http/handlers.go:30.74,35.2 4 0
github.com/par1ram/silence/rpc/dpi-bypass/internal/adapters/http/handlers.go:38.72,42.2 3 0
github.com/par1ram/silence/rpc/dpi-bypass/internal/adapters/http/handlers.go:45.73,47.61 2 0
github.com/par1ram/silence/rpc/dpi-bypass/internal/adapters/http/handlers.go:47.61,50.3 2 0
github.com/par1ram/silence/rpc/dpi-bypass/internal/adapters/http/handlers.go:51.2,52.16 2 0
github.com/par1ram/silence/rpc/dpi-bypass/internal/adapters/http/handlers.go:52.16,55.3 2 0
github.com/par1ram/silence/rpc/dpi-bypass/internal/adapters/http/handlers.go:56.2,58.39 3 0
github.com/par1ram/silence/rpc/dpi-bypass/internal/adapters/http/handlers.go:62.73,64.16 2 0
github.com/par1ram/silence/rpc/dpi-bypass/internal/adapters/http/handlers.go:64.16,67.3 2 0
github.com/par1ram/silence/rpc/dpi-bypass/internal/adapters/http/handlers.go:68.2,69.40 2 0
github.com/par1ram/silence/rpc/dpi-bypass/internal/adapters/http/handlers.go:73.70,75.14 2 0
github.com/par1ram/silence/rpc/dpi-bypass/internal/adapters/http/handlers.go:75.14,78.3 2 0
github.com/par1ram/silence/rpc/dpi-bypass/internal/adapters/http/handlers.go:79.2,80.16 2 0
github.com/par1ram/silence/rpc/dpi-bypass/internal/adapters/http/handlers.go:80.16,83.3 2 0
github.com/par1ram/silence/rpc/dpi-bypass/internal/adapters/http/handlers.go:84.2,85.39 2 0
github.com/par1ram/silence/rpc/dpi-bypass/internal/adapters/http/handlers.go:89.73,91.14 2 0
github.com/par1ram/silence/rpc/dpi-bypass/internal/adapters/http/handlers.go:91.14,94.3 2 0
github.com/par1ram/silence/rpc/dpi-bypass/internal/adapters/http/handlers.go:95.2,96.16 2 0
github.com/par1ram/silence/rpc/dpi-bypass/internal/adapters/http/handlers.go:96.16,99.3 2 0
github.com/par1ram/silence/rpc/dpi-bypass/internal/adapters/http/handlers.go:100.2,100.37 1 0
github.com/par1ram/silence/rpc/dpi-bypass/internal/adapters/http/handlers.go:104.72,106.14 2 0
github.com/par1ram/silence/rpc/dpi-bypass/internal/adapters/http/handlers.go:106.14,109.3 2 0
github.com/par1ram/silence/rpc/dpi-bypass/internal/adapters/http/handlers.go:110.2,111.16 2 0
github.com/par1ram/silence/rpc/dpi-bypass/internal/adapters/http/handlers.go:111.16,114.3 2 0
github.com/par1ram/silence/rpc/dpi-bypass/internal/adapters/http/handlers.go:115.2,116.48 2 0
github.com/par1ram/silence/rpc/dpi-bypass/internal/adapters/http/handlers.go:120.71,122.14 2 0
github.com/par1ram/silence/rpc/dpi-bypass/internal/adapters/http/handlers.go:122.14,125.3 2 0
github.com/par1ram/silence/rpc/dpi-bypass/internal/adapters/http/handlers.go:126.2,127.16 2 0
github.com/par1ram/silence/rpc/dpi-bypass/internal/adapters/http/handlers.go:127.16,130.3 2 0
github.com/par1ram/silence/rpc/dpi-bypass/internal/adapters/http/handlers.go:131.2,132.48 2 0
github.com/par1ram/silence/rpc/dpi-bypass/internal/adapters/http/handlers.go:136.75,138.14 2 0
github.com/par1ram/silence/rpc/dpi-bypass/internal/adapters/http/handlers.go:138.14,141.3 2 0
github.com/par1ram/silence/rpc/dpi-bypass/internal/adapters/http/handlers.go:142.2,143.16 2 0
github.com/par1ram/silence/rpc/dpi-bypass/internal/adapters/http/handlers.go:143.16,146.3 2 0
github.com/par1ram/silence/rpc/dpi-bypass/internal/adapters/http/handlers.go:147.2,148.38 2 0
github.com/par1ram/silence/rpc/dpi-bypass/internal/adapters/http/server.go:15.77,40.2 12 0
github.com/par1ram/silence/rpc/dpi-bypass/internal/adapters/http/server.go:42.51,45.2 2 0
github.com/par1ram/silence/rpc/dpi-bypass/internal/adapters/http/server.go:47.50,50.2 2 0
github.com/par1ram/silence/rpc/dpi-bypass/internal/adapters/http/server.go:52.32,54.2 1 0
github.com/par1ram/silence/rpc/dpi-bypass/internal/app/app.go:30.58,36.2 1 0
github.com/par1ram/silence/rpc/dpi-bypass/internal/app/app.go:39.43,41.2 1 0
github.com/par1ram/silence/rpc/dpi-bypass/internal/app/app.go:46.12,49.15 3 0
github.com/par1ram/silence/rpc/dpi-bypass/internal/app/app.go:49.15,50.39 1 0
github.com/par1ram/silence/rpc/dpi-bypass/internal/app/app.go:50.39,52.4 1 0
github.com/par1ram/silence/rpc/dpi-bypass/internal/app/app.go:55.2,64.11 4 0
github.com/par1ram/silence/rpc/dpi-bypass/internal/app/app.go:68.21,77.37 5 0
github.com/par1ram/silence/rpc/dpi-bypass/internal/app/app.go:77.37,78.22 1 0
github.com/par1ram/silence/rpc/dpi-bypass/internal/app/app.go:78.22,80.39 2 0
github.com/par1ram/silence/rpc/dpi-bypass/internal/app/app.go:80.39,82.5 1 0
github.com/par1ram/silence/rpc/dpi-bypass/internal/app/app.go:87.2,94.37 5 0
github.com/par1ram/silence/rpc/dpi-bypass/internal/app/app.go:94.37,96.51 2 0
github.com/par1ram/silence/rpc/dpi-bypass/internal/app/app.go:96.51,98.4 1 0
github.com/par1ram/silence/rpc/dpi-bypass/internal/app/app.go:101.2,101.48 1 0
github.com/par1ram/silence/rpc/dpi-bypass/internal/svc/service.go:23.80,47.2 6 0
github.com/par1ram/silence/rpc/dpi-bypass/internal/services/mocks/mock_bypass.go:26.71,30.2 3 0
github.com/par1ram/silence/rpc/dpi-bypass/internal/services/mocks/mock_bypass.go:33.69,35.2 1 0
github.com/par1ram/silence/rpc/dpi-bypass/internal/services/mocks/mock_bypass.go:38.80,44.2 5 0
github.com/par1ram/silence/rpc/dpi-bypass/internal/services/mocks/mock_bypass.go:47.82,50.2 2 0
github.com/par1ram/silence/rpc/dpi-bypass/internal/services/mocks/mock_bypass.go:53.57,58.2 4 0
github.com/par1ram/silence/rpc/dpi-bypass/internal/services/mocks/mock_bypass.go:61.83,64.2 2 0
github.com/par1ram/silence/rpc/dpi-bypass/internal/services/mocks/mock_bypass.go:67.68,72.2 4 0
github.com/par1ram/silence/rpc/dpi-bypass/internal/services/mocks/mock_bypass.go:75.79,78.2 2 0
github.com/par1ram/silence/rpc/dpi-bypass/internal/services/mocks/mock_bypass.go:81.53,86.2 4 0
github.com/par1ram/silence/rpc/dpi-bypass/internal/services/mocks/mock_bypass.go:89.78,92.2 2 0
github.com/par1ram/silence/rpc/dpi-bypass/internal/adapters/bypass/crypto.go:16.56,19.16 2 1
github.com/par1ram/silence/rpc/dpi-bypass/internal/adapters/bypass/crypto.go:19.16,21.3 1 0
github.com/par1ram/silence/rpc/dpi-bypass/internal/adapters/bypass/crypto.go:24.2,41.16 3 1
github.com/par1ram/silence/rpc/dpi-bypass/internal/adapters/bypass/crypto.go:41.16,43.3 1 0
github.com/par1ram/silence/rpc/dpi-bypass/internal/adapters/bypass/crypto.go:46.2,58.16 4 1
github.com/par1ram/silence/rpc/dpi-bypass/internal/adapters/bypass/crypto.go:58.16,60.3 1 0
github.com/par1ram/silence/rpc/dpi-bypass/internal/adapters/bypass/crypto.go:62.2,62.18 1 1
github.com/par1ram/silence/rpc/dpi-bypass/internal/adapters/bypass/custom.go:38.58,43.2 1 1
github.com/par1ram/silence/rpc/dpi-bypass/internal/adapters/bypass/custom.go:46.66,50.47 3 1
github.com/par1ram/silence/rpc/dpi-bypass/internal/adapters/bypass/custom.go:50.47,52.3 1 0
github.com/par1ram/silence/rpc/dpi-bypass/internal/adapters/bypass/custom.go:55.2,59.16 3 1
github.com/par1ram/silence/rpc/dpi-bypass/internal/adapters/bypass/custom.go:59.16,62.3 2 1
github.com/par1ram/silence/rpc/dpi-bypass/internal/adapters/bypass/custom.go:65.2,106.12 10 1
github.com/par1ram/silence/rpc/dpi-bypass/internal/adapters/bypass/custom.go:110.47,115.13 4 1
github.com/par1ram/silence/rpc/dpi-bypass/internal/adapters/bypass/custom.go:115.13,117.3 1 0
github.com/par1ram/silence/rpc/dpi-bypass/internal/adapters/bypass/custom.go:120.2,123.46 2 1
github.com/par1ram/silence/rpc/dpi-bypass/internal/adapters/bypass/custom.go:123.46,125.3 1 0
github.com/par1ram/silence/rpc/dpi-bypass/internal/adapters/bypass/custom.go:127.2,130.12 3 1
github.com/par1ram/silence/rpc/dpi-bypass/internal/adapters/bypass/custom.go:134.74,139.13 4 1
github.com/par1ram/silence/rpc/dpi-bypass/internal/adapters/bypass/custom.go:139.13,141.3 1 1
github.com/par1ram/silence/rpc/dpi-bypass/internal/adapters/bypass/custom.go:143.2,148.20 4 1
github.com/par1ram/silence/rpc/dpi-bypass/internal/adapters/bypass/custom.go:152.51,158.2 4 1
github.com/par1ram/silence/rpc/dpi-bypass/internal/adapters/bypass/custom_connection.go:12.67,13.6 1 1
github.com/par1ram/silence/rpc/dpi-bypass/internal/adapters/bypass/custom_connection.go:13.6,14.10 1 1
github.com/par1ram/silence/rpc/dpi-bypass/internal/adapters/bypass/custom_connection.go:15.26,16.10 1 1
github.com/par1ram/silence/rpc/dpi-bypass/internal/adapters/bypass/custom_connection.go:17.11,19.18 2 1
github.com/par1ram/silence/rpc/dpi-bypass/internal/adapters/bypass/custom_connection.go:19.18,20.30 1 1
github.com/par1ram/silence/rpc/dpi-bypass/internal/adapters/bypass/custom_connection.go:20.30,23.6 1 1
github.com/par1ram/silence/rpc/dpi-bypass/internal/adapters/bypass/custom_connection.go:24.5,26.13 3 0
github.com/par1ram/silence/rpc/dpi-bypass/internal/adapters/bypass/custom_connection.go:30.4,30.49 1 0
github.com/par1ram/silence/rpc/dpi-bypass/internal/adapters/bypass/custom_connection.go:36.93,46.16 4 0
github.com/par1ram/silence/rpc/dpi-bypass/internal/adapters/bypass/custom_connection.go:46.16,53.3 3 0
github.com/par1ram/silence/rpc/dpi-bypass/internal/adapters/bypass/custom_connection.go:54.2,60.12 3 0
github.com/par1ram/silence/rpc/dpi-bypass/internal/adapters/bypass/custom_connection.go:60.12,62.17 2 0
github.com/par1ram/silence/rpc/dpi-bypass/internal/adapters/bypass/custom_connection.go:62.17,64.4 1 0
github.com/par1ram/silence/rpc/dpi-bypass/internal/adapters/bypass/custom_connection.go:65.3,65.32 1 0
github.com/par1ram/silence/rpc/dpi-bypass/internal/adapters/bypass/custom_connection.go:69.2,69.12 1 0
github.com/par1ram/silence/rpc/dpi-bypass/internal/adapters/bypass/custom_connection.go:69.12,71.17 2 0
github.com/par1ram/silence/rpc/dpi-bypass/internal/adapters/bypass/custom_connection.go:71.17,73.4 1 0
github.com/par1ram/silence/rpc/dpi-bypass/internal/adapters/bypass/custom_connection.go:74.3,74.32 1 0
github.com/par1ram/silence/rpc/dpi-bypass/internal/adapters/bypass/custom_connection.go:78.2,78.9 1 0
github.com/par1ram/silence/rpc/dpi-bypass/internal/adapters/bypass/custom_connection.go:79.25,80.9 1 0
github.com/par1ram/silence/rpc/dpi-bypass/internal/adapters/bypass/custom_connection.go:81.24,82.17 1 0
github.com/par1ram/silence/rpc/dpi-bypass/internal/adapters/bypass/custom_connection.go:82.17,84.4 1 0
github.com/par1ram/silence/rpc/dpi-bypass/internal/adapters/bypass/custom_connection.go:89.117,93.6 3 0
github.com/par1ram/silence/rpc/dpi-bypass/internal/adapters/bypass/custom_connection.go:93.6,94.10 1 0
github.com/par1ram/silence/rpc/dpi-bypass/internal/adapters/bypass/custom_connection.go:95.26,96.26 1 0
github.com/par1ram/silence/rpc/dpi-bypass/internal/adapters/bypass/custom_connection.go:97.11,99.80 1 0
github.com/par1ram/silence/rpc/dpi-bypass/internal/adapters/bypass/custom_connection.go:99.80,101.5 1 0
github.com/par1ram/silence/rpc/dpi-bypass/internal/adapters/bypass/custom_connection.go:103.4,104.18 2 0
github.com/par1ram/silence/rpc/dpi-bypass/internal/adapters/bypass/custom_connection.go:104.18,106.5 1 0
github.com/par1ram/silence/rpc/dpi-bypass/internal/adapters/bypass/custom_connection.go:108.4,108.13 1 0
github.com/par1ram/silence/rpc/dpi-bypass/internal/adapters/bypass/custom_connection.go:108.13,111.19 2 0
github.com/par1ram/silence/rpc/dpi-bypass/internal/adapters/bypass/custom_connection.go:111.19,113.6 1 0
github.com/par1ram/silence/rpc/dpi-bypass/internal/adapters/bypass/custom_connection.go:116.5,116.82 1 0
github.com/par1ram/silence/rpc/dpi-bypass/internal/adapters/bypass/custom_connection.go:116.82,118.6 1 0
github.com/par1ram/silence/rpc/dpi-bypass/internal/adapters/bypass/custom_connection.go:120.5,121.19 2 0
github.com/par1ram/silence/rpc/dpi-bypass/internal/adapters/bypass/custom_connection.go:121.19,123.6 1 0
github.com/par1ram/silence/rpc/dpi-bypass/internal/adapters/bypass/custom_connection.go:125.5,129.30 3 0
github.com/par1ram/silence/rpc/dpi-bypass/internal/adapters/bypass/custom_obfuscation.go:15.101,16.30 1 1
github.com/par1ram/silence/rpc/dpi-bypass/internal/adapters/bypass/custom_obfuscation.go:17.15,18.45 1 1
github.com/par1ram/silence/rpc/dpi-bypass/internal/adapters/bypass/custom_obfuscation.go:19.18,20.48 1 1
github.com/par1ram/silence/rpc/dpi-bypass/internal/adapters/bypass/custom_obfuscation.go:21.16,22.46 1 1
github.com/par1ram/silence/rpc/dpi-bypass/internal/adapters/bypass/custom_obfuscation.go:23.10,24.46 1 0
github.com/par1ram/silence/rpc/dpi-bypass/internal/adapters/bypass/custom_obfuscation.go:29.100,32.16 2 1
github.com/par1ram/silence/rpc/dpi-bypass/internal/adapters/bypass/custom_obfuscation.go:32.16,34.3 1 0
github.com/par1ram/silence/rpc/dpi-bypass/internal/adapters/bypass/custom_obfuscation.go:37.2,54.20 9 1
github.com/par1ram/silence/rpc/dpi-bypass/internal/adapters/bypass/custom_obfuscation.go:58.103,61.16 2 1
github.com/par1ram/silence/rpc/dpi-bypass/internal/adapters/bypass/custom_obfuscation.go:61.16,63.3 1 0
github.com/par1ram/silence/rpc/dpi-bypass/internal/adapters/bypass/custom_obfuscation.go:66.2,71.37 3 1
github.com/par1ram/silence/rpc/dpi-bypass/internal/adapters/bypass/custom_obfuscation.go:71.37,78.3 5 1
github.com/par1ram/silence/rpc/dpi-bypass/internal/adapters/bypass/custom_obfuscation.go:80.2,80.20 1 1
github.com/par1ram/silence/rpc/dpi-bypass/internal/adapters/bypass/custom_obfuscation.go:84.101,87.16 2 1
github.com/par1ram/silence/rpc/dpi-bypass/internal/adapters/bypass/custom_obfuscation.go:87.16,89.3 1 0
github.com/par1ram/silence/rpc/dpi-bypass/internal/adapters/bypass/custom_obfuscation.go:92.2,92.50 1 1
github.com/par1ram/silence/rpc/dpi-bypass/internal/adapters/bypass/custom_obfuscation.go:96.92,99.20 2 1
github.com/par1ram/silence/rpc/dpi-bypass/internal/adapters/bypass/custom_obfuscation.go:99.20,101.3 1 1
github.com/par1ram/silence/rpc/dpi-bypass/internal/adapters/bypass/custom_obfuscation.go:103.2,106.33 2 1
github.com/par1ram/silence/rpc/dpi-bypass/internal/adapters/bypass/custom_obfuscation.go:106.33,109.3 2 1
github.com/par1ram/silence/rpc/dpi-bypass/internal/adapters/bypass/custom_obfuscation.go:111.2,111.18 1 1
github.com/par1ram/silence/rpc/dpi-bypass/internal/adapters/bypass/custom_obfuscation.go:115.78,118.47 2 1
github.com/par1ram/silence/rpc/dpi-bypass/internal/adapters/bypass/custom_obfuscation.go:118.47,120.22 2 1
github.com/par1ram/silence/rpc/dpi-bypass/internal/adapters/bypass/custom_obfuscation.go:120.22,122.4 1 1
github.com/par1ram/silence/rpc/dpi-bypass/internal/adapters/bypass/custom_obfuscation.go:123.3,123.45 1 1
github.com/par1ram/silence/rpc/dpi-bypass/internal/adapters/bypass/custom_obfuscation.go:126.2,126.18 1 1
github.com/par1ram/silence/rpc/dpi-bypass/internal/adapters/bypass/custom_obfuscation.go:130.90,132.16 2 1
github.com/par1ram/silence/rpc/dpi-bypass/internal/adapters/bypass/custom_obfuscation.go:132.16,134.3 1 0
github.com/par1ram/silence/rpc/dpi-bypass/internal/adapters/bypass/custom_obfuscation.go:137.2,138.16 2 1
github.com/par1ram/silence/rpc/dpi-bypass/internal/adapters/bypass/custom_obfuscation.go:138.16,140.3 1 0
github.com/par1ram/silence/rpc/dpi-bypass/internal/adapters/bypass/custom_obfuscation.go:143.2,144.59 2 1
github.com/par1ram/silence/rpc/dpi-bypass/internal/adapters/bypass/custom_obfuscation.go:144.59,146.3 1 0
github.com/par1ram/silence/rpc/dpi-bypass/internal/adapters/bypass/custom_obfuscation.go:149.2,150.24 2 1
github.com/par1ram/silence/rpc/dpi-bypass/internal/adapters/bypass/custom_obfuscation.go:154.61,157.2 2 1
github.com/par1ram/silence/rpc/dpi-bypass/internal/adapters/bypass/custom_obfuscation.go:160.67,161.27 1 1
github.com/par1ram/silence/rpc/dpi-bypass/internal/adapters/bypass/custom_obfuscation.go:161.27,165.17 3 1
github.com/par1ram/silence/rpc/dpi-bypass/internal/adapters/bypass/custom_obfuscation.go:165.17,167.4 1 0
github.com/par1ram/silence/rpc/dpi-bypass/internal/adapters/bypass/custom_obfuscation.go:168.3,168.17 1 1
github.com/par1ram/silence/rpc/dpi-bypass/internal/adapters/bypass/custom_obfuscation.go:168.17,170.4 1 1
github.com/par1ram/silence/rpc/dpi-bypass/internal/adapters/bypass/custom_stats.go:8.75,14.2 4 0
github.com/par1ram/silence/rpc/dpi-bypass/internal/adapters/bypass/custom_stats.go:17.68,22.2 3 0
github.com/par1ram/silence/rpc/dpi-bypass/internal/adapters/bypass/custom_stats.go:25.70,30.2 3 0
github.com/par1ram/silence/rpc/dpi-bypass/internal/adapters/bypass/custom_stats.go:33.69,38.2 3 0
github.com/par1ram/silence/rpc/dpi-bypass/internal/adapters/bypass/factory.go:17.60,21.2 1 1
github.com/par1ram/silence/rpc/dpi-bypass/internal/adapters/bypass/factory.go:24.97,25.16 1 1
github.com/par1ram/silence/rpc/dpi-bypass/internal/adapters/bypass/factory.go:26.38,27.46 1 1
github.com/par1ram/silence/rpc/dpi-bypass/internal/adapters/bypass/factory.go:28.32,29.40 1 1
github.com/par1ram/silence/rpc/dpi-bypass/internal/adapters/bypass/factory.go:30.32,31.40 1 1
github.com/par1ram/silence/rpc/dpi-bypass/internal/adapters/bypass/factory.go:32.33,33.41 1 1
github.com/par1ram/silence/rpc/dpi-bypass/internal/adapters/bypass/factory.go:34.10,35.66 1 1
github.com/par1ram/silence/rpc/dpi-bypass/internal/adapters/bypass/factory.go:40.67,42.2 1 0
github.com/par1ram/silence/rpc/dpi-bypass/internal/adapters/bypass/factory.go:51.68,56.2 1 1
github.com/par1ram/silence/rpc/dpi-bypass/internal/adapters/bypass/factory.go:59.71,62.13 2 0
github.com/par1ram/silence/rpc/dpi-bypass/internal/adapters/bypass/factory.go:62.13,66.17 4 0
github.com/par1ram/silence/rpc/dpi-bypass/internal/adapters/bypass/factory.go:66.17,68.4 1 0
github.com/par1ram/silence/rpc/dpi-bypass/internal/adapters/bypass/factory.go:69.3,69.38 1 0
github.com/par1ram/silence/rpc/dpi-bypass/internal/adapters/bypass/factory.go:72.2,72.30 1 0
github.com/par1ram/silence/rpc/dpi-bypass/internal/adapters/bypass/factory.go:76.52,78.37 1 1
github.com/par1ram/silence/rpc/dpi-bypass/internal/adapters/bypass/factory.go:78.37,79.28 1 0
github.com/par1ram/silence/rpc/dpi-bypass/internal/adapters/bypass/factory.go:79.28,81.4 1 0
github.com/par1ram/silence/rpc/dpi-bypass/internal/adapters/bypass/factory.go:84.2,84.58 1 1
github.com/par1ram/silence/rpc/dpi-bypass/internal/adapters/bypass/factory.go:88.79,90.37 1 1
github.com/par1ram/silence/rpc/dpi-bypass/internal/adapters/bypass/factory.go:90.37,91.28 1 0
github.com/par1ram/silence/rpc/dpi-bypass/internal/adapters/bypass/factory.go:91.28,93.4 1 0
github.com/par1ram/silence/rpc/dpi-bypass/internal/adapters/bypass/factory.go:96.2,96.17 1 1
github.com/par1ram/silence/rpc/dpi-bypass/internal/adapters/bypass/factory.go:100.56,102.37 1 1
github.com/par1ram/silence/rpc/dpi-bypass/internal/adapters/bypass/factory.go:102.37,103.28 1 0
github.com/par1ram/silence/rpc/dpi-bypass/internal/adapters/bypass/factory.go:103.28,105.4 1 0
github.com/par1ram/silence/rpc/dpi-bypass/internal/adapters/bypass/factory.go:108.2,108.14 1 1
github.com/par1ram/silence/rpc/dpi-bypass/internal/adapters/bypass/mock.go:20.66,26.2 1 1
github.com/par1ram/silence/rpc/dpi-bypass/internal/adapters/bypass/mock.go:29.70,50.2 6 1
github.com/par1ram/silence/rpc/dpi-bypass/internal/adapters/bypass/mock.go:53.51,57.45 3 1
github.com/par1ram/silence/rpc/dpi-bypass/internal/adapters/bypass/mock.go:57.45,62.3 2 1
github.com/par1ram/silence/rpc/dpi-bypass/internal/adapters/bypass/mock.go:64.2,64.12 1 1
github.com/par1ram/silence/rpc/dpi-bypass/internal/adapters/bypass/mock.go:68.78,72.42 3 1
github.com/par1ram/silence/rpc/dpi-bypass/internal/adapters/bypass/mock.go:72.42,78.3 4 1
github.com/par1ram/silence/rpc/dpi-bypass/internal/adapters/bypass/mock.go:80.2,80.17 1 1
github.com/par1ram/silence/rpc/dpi-bypass/internal/adapters/bypass/mock.go:84.55,90.2 4 1
github.com/par1ram/silence/rpc/dpi-bypass/internal/adapters/bypass/obfs4.go:37.56,42.2 1 1
github.com/par1ram/silence/rpc/dpi-bypass/internal/adapters/bypass/obfs4.go:45.65,49.47 3 1
github.com/par1ram/silence/rpc/dpi-bypass/internal/adapters/bypass/obfs4.go:49.47,51.3 1 0
github.com/par1ram/silence/rpc/dpi-bypass/internal/adapters/bypass/obfs4.go:54.2,58.16 3 1
github.com/par1ram/silence/rpc/dpi-bypass/internal/adapters/bypass/obfs4.go:58.16,61.3 2 1
github.com/par1ram/silence/rpc/dpi-bypass/internal/adapters/bypass/obfs4.go:64.2,102.12 10 1
github.com/par1ram/silence/rpc/dpi-bypass/internal/adapters/bypass/obfs4.go:106.46,111.13 4 1
github.com/par1ram/silence/rpc/dpi-bypass/internal/adapters/bypass/obfs4.go:111.13,113.3 1 0
github.com/par1ram/silence/rpc/dpi-bypass/internal/adapters/bypass/obfs4.go:116.2,119.46 2 1
github.com/par1ram/silence/rpc/dpi-bypass/internal/adapters/bypass/obfs4.go:119.46,121.3 1 0
github.com/par1ram/silence/rpc/dpi-bypass/internal/adapters/bypass/obfs4.go:123.2,126.12 3 1
github.com/par1ram/silence/rpc/dpi-bypass/internal/adapters/bypass/obfs4.go:130.73,135.13 4 1
github.com/par1ram/silence/rpc/dpi-bypass/internal/adapters/bypass/obfs4.go:135.13,137.3 1 1
github.com/par1ram/silence/rpc/dpi-bypass/internal/adapters/bypass/obfs4.go:139.2,144.20 4 1
github.com/par1ram/silence/rpc/dpi-bypass/internal/adapters/bypass/obfs4.go:148.50,154.2 4 1
github.com/par1ram/silence/rpc/dpi-bypass/internal/adapters/bypass/obfs4_connection.go:12.65,13.6 1 1
github.com/par1ram/silence/rpc/dpi-bypass/internal/adapters/bypass/obfs4_connection.go:13.6,14.10 1 1
github.com/par1ram/silence/rpc/dpi-bypass/internal/adapters/bypass/obfs4_connection.go:15.26,16.10 1 0
github.com/par1ram/silence/rpc/dpi-bypass/internal/adapters/bypass/obfs4_connection.go:17.11,19.18 2 1
github.com/par1ram/silence/rpc/dpi-bypass/internal/adapters/bypass/obfs4_connection.go:19.18,20.30 1 1
github.com/par1ram/silence/rpc/dpi-bypass/internal/adapters/bypass/obfs4_connection.go:20.30,23.6 1 1
github.com/par1ram/silence/rpc/dpi-bypass/internal/adapters/bypass/obfs4_connection.go:24.5,26.13 3 0
github.com/par1ram/silence/rpc/dpi-bypass/internal/adapters/bypass/obfs4_connection.go:30.4,30.49 1 0
github.com/par1ram/silence/rpc/dpi-bypass/internal/adapters/bypass/obfs4_connection.go:36.91,46.16 4 0
github.com/par1ram/silence/rpc/dpi-bypass/internal/adapters/bypass/obfs4_connection.go:46.16,53.3 3 0
github.com/par1ram/silence/rpc/dpi-bypass/internal/adapters/bypass/obfs4_connection.go:54.2,60.12 3 0
github.com/par1ram/silence/rpc/dpi-bypass/internal/adapters/bypass/obfs4_connection.go:60.12,62.17 2 0
github.com/par1ram/silence/rpc/dpi-bypass/internal/adapters/bypass/obfs4_connection.go:62.17,64.4 1 0
github.com/par1ram/silence/rpc/dpi-bypass/internal/adapters/bypass/obfs4_connection.go:65.3,65.32 1 0
github.com/par1ram/silence/rpc/dpi-bypass/internal/adapters/bypass/obfs4_connection.go:69.2,69.12 1 0
github.com/par1ram/silence/rpc/dpi-bypass/internal/adapters/bypass/obfs4_connection.go:69.12,71.17 2 0
github.com/par1ram/silence/rpc/dpi-bypass/internal/adapters/bypass/obfs4_connection.go:71.17,73.4 1 0
github.com/par1ram/silence/rpc/dpi-bypass/internal/adapters/bypass/obfs4_connection.go:74.3,74.32 1 0
github.com/par1ram/silence/rpc/dpi-bypass/internal/adapters/bypass/obfs4_connection.go:78.2,78.9 1 0
github.com/par1ram/silence/rpc/dpi-bypass/internal/adapters/bypass/obfs4_connection.go:79.25,80.9 1 0
github.com/par1ram/silence/rpc/dpi-bypass/internal/adapters/bypass/obfs4_connection.go:81.24,82.17 1 0
github.com/par1ram/silence/rpc/dpi-bypass/internal/adapters/bypass/obfs4_connection.go:82.17,84.4 1 0
github.com/par1ram/silence/rpc/dpi-bypass/internal/adapters/bypass/obfs4_connection.go:89.109,93.6 3 0
github.com/par1ram/silence/rpc/dpi-bypass/internal/adapters/bypass/obfs4_connection.go:93.6,94.10 1 0
github.com/par1ram/silence/rpc/dpi-bypass/internal/adapters/bypass/obfs4_connection.go:95.26,96.26 1 0
github.com/par1ram/silence/rpc/dpi-bypass/internal/adapters/bypass/obfs4_connection.go:97.11,99.80 1 0
github.com/par1ram/silence/rpc/dpi-bypass/internal/adapters/bypass/obfs4_connection.go:99.80,101.5 1 0
github.com/par1ram/silence/rpc/dpi-bypass/internal/adapters/bypass/obfs4_connection.go:103.4,104.18 2 0
github.com/par1ram/silence/rpc/dpi-bypass/internal/adapters/bypass/obfs4_connection.go:104.18,106.5 1 0
github.com/par1ram/silence/rpc/dpi-bypass/internal/adapters/bypass/obfs4_connection.go:108.4,108.13 1 0
github.com/par1ram/silence/rpc/dpi-bypass/internal/adapters/bypass/obfs4_connection.go:108.13,113.82 2 0
github.com/par1ram/silence/rpc/dpi-bypass/internal/adapters/bypass/obfs4_connection.go:113.82,115.6 1 0
github.com/par1ram/silence/rpc/dpi-bypass/internal/adapters/bypass/obfs4_connection.go:117.5,118.19 2 0
github.com/par1ram/silence/rpc/dpi-bypass/internal/adapters/bypass/obfs4_connection.go:118.19,120.6 1 0
github.com/par1ram/silence/rpc/dpi-bypass/internal/adapters/bypass/obfs4_connection.go:122.5,126.21 3 0
github.com/par1ram/silence/rpc/dpi-bypass/internal/adapters/bypass/obfs4_connection.go:126.21,128.6 1 0
github.com/par1ram/silence/rpc/dpi-bypass/internal/adapters/bypass/obfs4_obfuscation.go:10.81,15.25 3 1
github.com/par1ram/silence/rpc/dpi-bypass/internal/adapters/bypass/obfs4_obfuscation.go:15.25,17.3 1 1
github.com/par1ram/silence/rpc/dpi-bypass/internal/adapters/bypass/obfs4_obfuscation.go:19.2,19.19 1 1
github.com/par1ram/silence/rpc/dpi-bypass/internal/adapters/bypass/obfs4_obfuscation.go:23.60,26.2 2 1
github.com/par1ram/silence/rpc/dpi-bypass/internal/adapters/bypass/obfs4_obfuscation.go:29.61,32.22 2 1
github.com/par1ram/silence/rpc/dpi-bypass/internal/adapters/bypass/obfs4_obfuscation.go:33.16,35.99 1 1
github.com/par1ram/silence/rpc/dpi-bypass/internal/adapters/bypass/obfs4_obfuscation.go:36.17,38.100 1 1
github.com/par1ram/silence/rpc/dpi-bypass/internal/adapters/bypass/obfs4_obfuscation.go:39.10,41.73 1 1
github.com/par1ram/silence/rpc/dpi-bypass/internal/adapters/bypass/obfs4_obfuscation.go:44.2,44.19 1 1
github.com/par1ram/silence/rpc/dpi-bypass/internal/adapters/bypass/obfs4_obfuscation.go:48.61,55.2 3 1
github.com/par1ram/silence/rpc/dpi-bypass/internal/adapters/bypass/obfs4_obfuscation.go:58.62,61.2 2 1
github.com/par1ram/silence/rpc/dpi-bypass/internal/adapters/bypass/obfs4_obfuscation.go:64.46,66.40 2 1
github.com/par1ram/silence/rpc/dpi-bypass/internal/adapters/bypass/obfs4_obfuscation.go:66.40,67.75 1 0
github.com/par1ram/silence/rpc/dpi-bypass/internal/adapters/bypass/obfs4_obfuscation.go:69.2,70.25 2 1
github.com/par1ram/silence/rpc/dpi-bypass/internal/adapters/bypass/obfs4_obfuscation.go:70.25,72.3 1 1
github.com/par1ram/silence/rpc/dpi-bypass/internal/adapters/bypass/obfs4_obfuscation.go:73.2,73.41 1 1
github.com/par1ram/silence/rpc/dpi-bypass/internal/adapters/bypass/obfs4_obfuscation.go:77.73,83.2 4 1
github.com/par1ram/silence/rpc/dpi-bypass/internal/adapters/bypass/obfs4_obfuscation.go:86.66,91.2 3 1
github.com/par1ram/silence/rpc/dpi-bypass/internal/adapters/bypass/obfs4_obfuscation.go:94.68,99.2 3 1
github.com/par1ram/silence/rpc/dpi-bypass/internal/adapters/bypass/obfs4_obfuscation.go:102.67,107.2 3 1
github.com/par1ram/silence/rpc/dpi-bypass/internal/adapters/bypass/shadowsocks.go:31.68,36.2 1 1
github.com/par1ram/silence/rpc/dpi-bypass/internal/adapters/bypass/shadowsocks.go:39.71,43.47 3 1
github.com/par1ram/silence/rpc/dpi-bypass/internal/adapters/bypass/shadowsocks.go:43.47,45.3 1 0
github.com/par1ram/silence/rpc/dpi-bypass/internal/adapters/bypass/shadowsocks.go:48.2,52.16 3 1
github.com/par1ram/silence/rpc/dpi-bypass/internal/adapters/bypass/shadowsocks.go:52.16,55.3 2 1
github.com/par1ram/silence/rpc/dpi-bypass/internal/adapters/bypass/shadowsocks.go:57.2,83.12 5 1
github.com/par1ram/silence/rpc/dpi-bypass/internal/adapters/bypass/shadowsocks.go:87.52,92.13 4 1
github.com/par1ram/silence/rpc/dpi-bypass/internal/adapters/bypass/shadowsocks.go:92.13,94.3 1 0
github.com/par1ram/silence/rpc/dpi-bypass/internal/adapters/bypass/shadowsocks.go:97.2,100.46 2 1
github.com/par1ram/silence/rpc/dpi-bypass/internal/adapters/bypass/shadowsocks.go:100.46,102.3 1 0
github.com/par1ram/silence/rpc/dpi-bypass/internal/adapters/bypass/shadowsocks.go:104.2,107.12 3 1
github.com/par1ram/silence/rpc/dpi-bypass/internal/adapters/bypass/shadowsocks.go:111.79,116.13 4 1
github.com/par1ram/silence/rpc/dpi-bypass/internal/adapters/bypass/shadowsocks.go:116.13,118.3 1 1
github.com/par1ram/silence/rpc/dpi-bypass/internal/adapters/bypass/shadowsocks.go:120.2,125.20 4 1
github.com/par1ram/silence/rpc/dpi-bypass/internal/adapters/bypass/shadowsocks.go:129.56,135.2 4 1
github.com/par1ram/silence/rpc/dpi-bypass/internal/adapters/bypass/shadowsocks.go:138.77,139.6 1 1
github.com/par1ram/silence/rpc/dpi-bypass/internal/adapters/bypass/shadowsocks.go:139.6,140.10 1 1
github.com/par1ram/silence/rpc/dpi-bypass/internal/adapters/bypass/shadowsocks.go:141.26,142.10 1 1
github.com/par1ram/silence/rpc/dpi-bypass/internal/adapters/bypass/shadowsocks.go:143.11,145.18 2 1
github.com/par1ram/silence/rpc/dpi-bypass/internal/adapters/bypass/shadowsocks.go:145.18,146.30 1 1
github.com/par1ram/silence/rpc/dpi-bypass/internal/adapters/bypass/shadowsocks.go:146.30,149.6 1 1
github.com/par1ram/silence/rpc/dpi-bypass/internal/adapters/bypass/shadowsocks.go:150.5,152.13 3 0
github.com/par1ram/silence/rpc/dpi-bypass/internal/adapters/bypass/shadowsocks.go:156.4,156.49 1 0
github.com/par1ram/silence/rpc/dpi-bypass/internal/adapters/bypass/shadowsocks.go:162.103,172.16 4 0
github.com/par1ram/silence/rpc/dpi-bypass/internal/adapters/bypass/shadowsocks.go:172.16,179.3 3 0
github.com/par1ram/silence/rpc/dpi-bypass/internal/adapters/bypass/shadowsocks.go:180.2,186.12 3 0
github.com/par1ram/silence/rpc/dpi-bypass/internal/adapters/bypass/shadowsocks.go:186.12,188.17 2 0
github.com/par1ram/silence/rpc/dpi-bypass/internal/adapters/bypass/shadowsocks.go:188.17,190.4 1 0
github.com/par1ram/silence/rpc/dpi-bypass/internal/adapters/bypass/shadowsocks.go:191.3,191.32 1 0
github.com/par1ram/silence/rpc/dpi-bypass/internal/adapters/bypass/shadowsocks.go:195.2,195.12 1 0
github.com/par1ram/silence/rpc/dpi-bypass/internal/adapters/bypass/shadowsocks.go:195.12,197.17 2 0
github.com/par1ram/silence/rpc/dpi-bypass/internal/adapters/bypass/shadowsocks.go:197.17,199.4 1 0
github.com/par1ram/silence/rpc/dpi-bypass/internal/adapters/bypass/shadowsocks.go:200.3,200.32 1 0
github.com/par1ram/silence/rpc/dpi-bypass/internal/adapters/bypass/shadowsocks.go:204.2,204.9 1 0
github.com/par1ram/silence/rpc/dpi-bypass/internal/adapters/bypass/shadowsocks.go:205.25,206.9 1 0
github.com/par1ram/silence/rpc/dpi-bypass/internal/adapters/bypass/shadowsocks.go:207.24,208.17 1 0
github.com/par1ram/silence/rpc/dpi-bypass/internal/adapters/bypass/shadowsocks.go:208.17,210.4 1 0
github.com/par1ram/silence/rpc/dpi-bypass/internal/adapters/bypass/shadowsocks.go:215.113,219.6 3 0
github.com/par1ram/silence/rpc/dpi-bypass/internal/adapters/bypass/shadowsocks.go:219.6,220.10 1 0
github.com/par1ram/silence/rpc/dpi-bypass/internal/adapters/bypass/shadowsocks.go:221.26,222.26 1 0
github.com/par1ram/silence/rpc/dpi-bypass/internal/adapters/bypass/shadowsocks.go:223.11,225.80 1 0
github.com/par1ram/silence/rpc/dpi-bypass/internal/adapters/bypass/shadowsocks.go:225.80,227.5 1 0
github.com/par1ram/silence/rpc/dpi-bypass/internal/adapters/bypass/shadowsocks.go:229.4,230.18 2 0
github.com/par1ram/silence/rpc/dpi-bypass/internal/adapters/bypass/shadowsocks.go:230.18,232.5 1 0
github.com/par1ram/silence/rpc/dpi-bypass/internal/adapters/bypass/shadowsocks.go:234.4,234.13 1 0
github.com/par1ram/silence/rpc/dpi-bypass/internal/adapters/bypass/shadowsocks.go:234.13,236.82 1 0
github.com/par1ram/silence/rpc/dpi-bypass/internal/adapters/bypass/shadowsocks.go:236.82,238.6 1 0
github.com/par1ram/silence/rpc/dpi-bypass/internal/adapters/bypass/shadowsocks.go:240.5,241.19 2 0
github.com/par1ram/silence/rpc/dpi-bypass/internal/adapters/bypass/shadowsocks.go:241.19,243.6 1 0
github.com/par1ram/silence/rpc/dpi-bypass/internal/adapters/bypass/shadowsocks.go:245.5,246.31 2 0
github.com/par1ram/silence/rpc/dpi-bypass/internal/adapters/bypass/shadowsocks.go:253.85,259.2 4 0
github.com/par1ram/silence/rpc/dpi-bypass/internal/adapters/bypass/shadowsocks.go:262.78,267.2 3 0
github.com/par1ram/silence/rpc/dpi-bypass/internal/adapters/bypass/shadowsocks.go:270.80,275.2 3 0
github.com/par1ram/silence/rpc/dpi-bypass/internal/adapters/bypass/shadowsocks.go:278.79,283.2 3 0
github.com/par1ram/silence/rpc/dpi-bypass/internal/adapters/bypass/v2ray.go:32.56,37.2 1 1
github.com/par1ram/silence/rpc/dpi-bypass/internal/adapters/bypass/v2ray.go:40.65,44.47 3 1
github.com/par1ram/silence/rpc/dpi-bypass/internal/adapters/bypass/v2ray.go:44.47,46.3 1 0
github.com/par1ram/silence/rpc/dpi-bypass/internal/adapters/bypass/v2ray.go:49.2,55.32 4 1
github.com/par1ram/silence/rpc/dpi-bypass/internal/adapters/bypass/v2ray.go:55.32,58.17 2 0
github.com/par1ram/silence/rpc/dpi-bypass/internal/adapters/bypass/v2ray.go:58.17,61.4 2 0
github.com/par1ram/silence/rpc/dpi-bypass/internal/adapters/bypass/v2ray.go:63.3,68.17 3 0
github.com/par1ram/silence/rpc/dpi-bypass/internal/adapters/bypass/v2ray.go:68.17,71.4 2 0
github.com/par1ram/silence/rpc/dpi-bypass/internal/adapters/bypass/v2ray.go:72.8,74.17 2 1
github.com/par1ram/silence/rpc/dpi-bypass/internal/adapters/bypass/v2ray.go:74.17,77.4 2 1
github.com/par1ram/silence/rpc/dpi-bypass/internal/adapters/bypass/v2ray.go:80.2,107.12 5 1
github.com/par1ram/silence/rpc/dpi-bypass/internal/adapters/bypass/v2ray.go:111.46,116.13 4 1
github.com/par1ram/silence/rpc/dpi-bypass/internal/adapters/bypass/v2ray.go:116.13,118.3 1 0
github.com/par1ram/silence/rpc/dpi-bypass/internal/adapters/bypass/v2ray.go:121.2,124.46 2 1
github.com/par1ram/silence/rpc/dpi-bypass/internal/adapters/bypass/v2ray.go:124.46,126.3 1 0
github.com/par1ram/silence/rpc/dpi-bypass/internal/adapters/bypass/v2ray.go:128.2,131.12 3 1
github.com/par1ram/silence/rpc/dpi-bypass/internal/adapters/bypass/v2ray.go:135.73,140.13 4 1
github.com/par1ram/silence/rpc/dpi-bypass/internal/adapters/bypass/v2ray.go:140.13,142.3 1 1
github.com/par1ram/silence/rpc/dpi-bypass/internal/adapters/bypass/v2ray.go:144.2,149.20 4 1
github.com/par1ram/silence/rpc/dpi-bypass/internal/adapters/bypass/v2ray.go:153.50,159.2 4 1
github.com/par1ram/silence/rpc/dpi-bypass/internal/adapters/bypass/v2ray.go:162.65,163.6 1 1
github.com/par1ram/silence/rpc/dpi-bypass/internal/adapters/bypass/v2ray.go:163.6,164.10 1 1
github.com/par1ram/silence/rpc/dpi-bypass/internal/adapters/bypass/v2ray.go:165.26,166.10 1 1
github.com/par1ram/silence/rpc/dpi-bypass/internal/adapters/bypass/v2ray.go:167.11,169.18 2 1
github.com/par1ram/silence/rpc/dpi-bypass/internal/adapters/bypass/v2ray.go:169.18,170.30 1 1
github.com/par1ram/silence/rpc/dpi-bypass/internal/adapters/bypass/v2ray.go:170.30,173.6 1 1
github.com/par1ram/silence/rpc/dpi-bypass/internal/adapters/bypass/v2ray.go:174.5,176.13 3 0
github.com/par1ram/silence/rpc/dpi-bypass/internal/adapters/bypass/v2ray.go:180.4,180.49 1 0
github.com/par1ram/silence/rpc/dpi-bypass/internal/adapters/bypass/v2ray.go:186.91,196.16 4 0
github.com/par1ram/silence/rpc/dpi-bypass/internal/adapters/bypass/v2ray.go:196.16,203.3 3 0
github.com/par1ram/silence/rpc/dpi-bypass/internal/adapters/bypass/v2ray.go:204.2,210.12 3 0
github.com/par1ram/silence/rpc/dpi-bypass/internal/adapters/bypass/v2ray.go:210.12,212.17 2 0
github.com/par1ram/silence/rpc/dpi-bypass/internal/adapters/bypass/v2ray.go:212.17,214.4 1 0
github.com/par1ram/silence/rpc/dpi-bypass/internal/adapters/bypass/v2ray.go:215.3,215.32 1 0
github.com/par1ram/silence/rpc/dpi-bypass/internal/adapters/bypass/v2ray.go:219.2,219.12 1 0
github.com/par1ram/silence/rpc/dpi-bypass/internal/adapters/bypass/v2ray.go:219.12,221.17 2 0
github.com/par1ram/silence/rpc/dpi-bypass/internal/adapters/bypass/v2ray.go:221.17,223.4 1 0
github.com/par1ram/silence/rpc/dpi-bypass/internal/adapters/bypass/v2ray.go:224.3,224.32 1 0
github.com/par1ram/silence/rpc/dpi-bypass/internal/adapters/bypass/v2ray.go:228.2,228.9 1 0
github.com/par1ram/silence/rpc/dpi-bypass/internal/adapters/bypass/v2ray.go:229.25,230.9 1 0
github.com/par1ram/silence/rpc/dpi-bypass/internal/adapters/bypass/v2ray.go:231.24,232.17 1 0
github.com/par1ram/silence/rpc/dpi-bypass/internal/adapters/bypass/v2ray.go:232.17,234.4 1 0
github.com/par1ram/silence/rpc/dpi-bypass/internal/adapters/bypass/v2ray.go:239.101,243.6 3 0
github.com/par1ram/silence/rpc/dpi-bypass/internal/adapters/bypass/v2ray.go:243.6,244.10 1 0
github.com/par1ram/silence/rpc/dpi-bypass/internal/adapters/bypass/v2ray.go:245.26,246.26 1 0
github.com/par1ram/silence/rpc/dpi-bypass/internal/adapters/bypass/v2ray.go:247.11,249.80 1 0
github.com/par1ram/silence/rpc/dpi-bypass/internal/adapters/bypass/v2ray.go:249.80,251.5 1 0
github.com/par1ram/silence/rpc/dpi-bypass/internal/adapters/bypass/v2ray.go:253.4,254.18 2 0
github.com/par1ram/silence/rpc/dpi-bypass/internal/adapters/bypass/v2ray.go:254.18,256.5 1 0
github.com/par1ram/silence/rpc/dpi-bypass/internal/adapters/bypass/v2ray.go:258.4,258.13 1 0
github.com/par1ram/silence/rpc/dpi-bypass/internal/adapters/bypass/v2ray.go:258.13,260.82 1 0
github.com/par1ram/silence/rpc/dpi-bypass/internal/adapters/bypass/v2ray.go:260.82,262.6 1 0
github.com/par1ram/silence/rpc/dpi-bypass/internal/adapters/bypass/v2ray.go:264.5,265.19 2 0
github.com/par1ram/silence/rpc/dpi-bypass/internal/adapters/bypass/v2ray.go:265.19,267.6 1 0
github.com/par1ram/silence/rpc/dpi-bypass/internal/adapters/bypass/v2ray.go:269.5,270.31 2 0
github.com/par1ram/silence/rpc/dpi-bypass/internal/adapters/bypass/v2ray.go:277.73,283.2 4 0
github.com/par1ram/silence/rpc/dpi-bypass/internal/adapters/bypass/v2ray.go:286.66,291.2 3 0
github.com/par1ram/silence/rpc/dpi-bypass/internal/adapters/bypass/v2ray.go:294.68,299.2 3 0
github.com/par1ram/silence/rpc/dpi-bypass/internal/adapters/bypass/v2ray.go:302.67,307.2 3 0
github.com/par1ram/silence/rpc/dpi-bypass/internal/services/bypass.go:23.87,29.2 1 1
github.com/par1ram/silence/rpc/dpi-bypass/internal/services/bypass.go:32.122,61.2 7 1
github.com/par1ram/silence/rpc/dpi-bypass/internal/services/bypass.go:64.97,69.13 4 1
github.com/par1ram/silence/rpc/dpi-bypass/internal/services/bypass.go:69.13,71.3 1 1
github.com/par1ram/silence/rpc/dpi-bypass/internal/services/bypass.go:73.2,73.20 1 1
github.com/par1ram/silence/rpc/dpi-bypass/internal/services/bypass.go:77.91,82.35 4 1
github.com/par1ram/silence/rpc/dpi-bypass/internal/services/bypass.go:82.35,84.3 1 1
github.com/par1ram/silence/rpc/dpi-bypass/internal/services/bypass.go:86.2,86.21 1 1
github.com/par1ram/silence/rpc/dpi-bypass/internal/services/bypass.go:90.75,95.13 4 0
github.com/par1ram/silence/rpc/dpi-bypass/internal/services/bypass.go:95.13,97.3 1 0
github.com/par1ram/silence/rpc/dpi-bypass/internal/services/bypass.go:99.2,99.29 1 0
github.com/par1ram/silence/rpc/dpi-bypass/internal/services/bypass.go:99.29,101.3 1 0
github.com/par1ram/silence/rpc/dpi-bypass/internal/services/bypass.go:103.2,103.48 1 0
github.com/par1ram/silence/rpc/dpi-bypass/internal/services/bypass.go:103.48,106.3 2 0
github.com/par1ram/silence/rpc/dpi-bypass/internal/services/bypass.go:108.2,112.12 4 0
github.com/par1ram/silence/rpc/dpi-bypass/internal/services/bypass.go:116.74,121.13 4 0
github.com/par1ram/silence/rpc/dpi-bypass/internal/services/bypass.go:121.13,123.3 1 0
github.com/par1ram/silence/rpc/dpi-bypass/internal/services/bypass.go:125.2,125.30 1 0
github.com/par1ram/silence/rpc/dpi-bypass/internal/services/bypass.go:125.30,127.3 1 0
github.com/par1ram/silence/rpc/dpi-bypass/internal/services/bypass.go:129.2,129.43 1 0
github.com/par1ram/silence/rpc/dpi-bypass/internal/services/bypass.go:129.43,132.3 2 0
github.com/par1ram/silence/rpc/dpi-bypass/internal/services/bypass.go:134.2,138.12 4 0
github.com/par1ram/silence/rpc/dpi-bypass/internal/services/bypass.go:142.101,146.41 3 0
github.com/par1ram/silence/rpc/dpi-bypass/internal/services/bypass.go:146.41,148.3 1 0
github.com/par1ram/silence/rpc/dpi-bypass/internal/services/bypass.go:150.2,150.31 1 0
github.com/par1ram/silence/rpc/dpi-bypass/internal/services/bypass.go:154.76,159.13 4 0
github.com/par1ram/silence/rpc/dpi-bypass/internal/services/bypass.go:159.13,161.3 1 0
github.com/par1ram/silence/rpc/dpi-bypass/internal/services/bypass.go:164.2,164.29 1 0
github.com/par1ram/silence/rpc/dpi-bypass/internal/services/bypass.go:164.29,165.44 1 0
github.com/par1ram/silence/rpc/dpi-bypass/internal/services/bypass.go:165.44,167.4 1 0
github.com/par1ram/silence/rpc/dpi-bypass/internal/services/bypass.go:170.2,173.12 3 0
github.com/par1ram/silence/rpc/dpi-bypass/internal/services/health.go:16.63,21.2 1 0
github.com/par1ram/silence/rpc/dpi-bypass/internal/services/health.go:24.58,31.2 1 0
github.com/par1ram/silence/rpc/dpi-bypass/internal/services/mocks/mock_bypass.go:26.71,30.2 3 1
github.com/par1ram/silence/rpc/dpi-bypass/internal/services/mocks/mock_bypass.go:33.69,35.2 1 0
github.com/par1ram/silence/rpc/dpi-bypass/internal/services/mocks/mock_bypass.go:38.80,44.2 5 0
github.com/par1ram/silence/rpc/dpi-bypass/internal/services/mocks/mock_bypass.go:47.82,50.2 2 0
github.com/par1ram/silence/rpc/dpi-bypass/internal/services/mocks/mock_bypass.go:53.57,58.2 4 0
github.com/par1ram/silence/rpc/dpi-bypass/internal/services/mocks/mock_bypass.go:61.83,64.2 2 0
github.com/par1ram/silence/rpc/dpi-bypass/internal/services/mocks/mock_bypass.go:67.68,72.2 4 0
github.com/par1ram/silence/rpc/dpi-bypass/internal/services/mocks/mock_bypass.go:75.79,78.2 2 0
github.com/par1ram/silence/rpc/dpi-bypass/internal/services/mocks/mock_bypass.go:81.53,86.2 4 0
github.com/par1ram/silence/rpc/dpi-bypass/internal/services/mocks/mock_bypass.go:89.78,92.2 2 0
