mode: set
github.com/par1ram/silence/api/auth/cmd/main.go:14.13,27.16 6 0
github.com/par1ram/silence/api/auth/cmd/main.go:27.16,29.3 1 0
github.com/par1ram/silence/api/auth/cmd/main.go:30.2,34.88 3 0
github.com/par1ram/silence/api/auth/cmd/main.go:34.88,36.3 1 0
github.com/par1ram/silence/api/auth/cmd/main.go:39.2,57.19 11 0
github.com/par1ram/silence/api/auth/internal/domain/errors.go:13.42,15.2 1 0
github.com/par1ram/silence/api/auth/internal/domain/errors.go:18.43,20.2 1 0
github.com/par1ram/silence/api/auth/internal/domain/errors.go:23.37,25.2 1 0
github.com/par1ram/silence/api/auth/internal/config/config.go:25.21,39.2 1 0
github.com/par1ram/silence/api/auth/internal/config/config.go:42.46,43.42 1 0
github.com/par1ram/silence/api/auth/internal/config/config.go:43.42,45.3 1 0
github.com/par1ram/silence/api/auth/internal/config/config.go:46.2,46.21 1 0
github.com/par1ram/silence/api/auth/internal/config/config.go:50.50,51.42 1 0
github.com/par1ram/silence/api/auth/internal/config/config.go:51.42,52.55 1 0
github.com/par1ram/silence/api/auth/internal/config/config.go:52.55,54.4 1 0
github.com/par1ram/silence/api/auth/internal/config/config.go:56.2,56.21 1 0
github.com/par1ram/silence/api/auth/internal/mocks/mocks.go:27.67,31.2 3 0
github.com/par1ram/silence/api/auth/internal/mocks/mocks.go:34.65,36.2 1 0
github.com/par1ram/silence/api/auth/internal/mocks/mocks.go:39.112,45.2 5 0
github.com/par1ram/silence/api/auth/internal/mocks/mocks.go:48.83,51.2 2 0
github.com/par1ram/silence/api/auth/internal/mocks/mocks.go:54.118,60.2 5 0
github.com/par1ram/silence/api/auth/internal/mocks/mocks.go:63.86,66.2 2 0
github.com/par1ram/silence/api/auth/internal/mocks/mocks.go:69.78,75.2 5 0
github.com/par1ram/silence/api/auth/internal/mocks/mocks.go:78.85,81.2 2 0
github.com/par1ram/silence/api/auth/internal/mocks/mocks.go:95.73,99.2 3 0
github.com/par1ram/silence/api/auth/internal/mocks/mocks.go:102.71,104.2 1 0
github.com/par1ram/silence/api/auth/internal/mocks/mocks.go:107.84,112.2 4 0
github.com/par1ram/silence/api/auth/internal/mocks/mocks.go:115.87,118.2 2 0
github.com/par1ram/silence/api/auth/internal/mocks/mocks.go:121.78,126.2 4 0
github.com/par1ram/silence/api/auth/internal/mocks/mocks.go:129.87,132.2 2 0
github.com/par1ram/silence/api/auth/internal/mocks/mocks.go:135.98,141.2 5 0
github.com/par1ram/silence/api/auth/internal/mocks/mocks.go:144.91,147.2 2 0
github.com/par1ram/silence/api/auth/internal/mocks/mocks.go:150.95,156.2 5 0
github.com/par1ram/silence/api/auth/internal/mocks/mocks.go:159.88,162.2 2 0
github.com/par1ram/silence/api/auth/internal/mocks/mocks.go:165.111,172.2 6 0
github.com/par1ram/silence/api/auth/internal/mocks/mocks.go:175.85,178.2 2 0
github.com/par1ram/silence/api/auth/internal/mocks/mocks.go:181.84,186.2 4 0
github.com/par1ram/silence/api/auth/internal/mocks/mocks.go:189.87,192.2 2 0
github.com/par1ram/silence/api/auth/internal/mocks/mocks.go:195.104,200.2 4 0
github.com/par1ram/silence/api/auth/internal/mocks/mocks.go:203.97,206.2 2 0
github.com/par1ram/silence/api/auth/internal/mocks/mocks.go:209.108,214.2 4 0
github.com/par1ram/silence/api/auth/internal/mocks/mocks.go:217.99,220.2 2 0
github.com/par1ram/silence/api/auth/internal/mocks/mocks.go:234.67,238.2 3 0
github.com/par1ram/silence/api/auth/internal/mocks/mocks.go:241.65,243.2 1 0
github.com/par1ram/silence/api/auth/internal/mocks/mocks.go:246.78,251.2 4 0
github.com/par1ram/silence/api/auth/internal/mocks/mocks.go:254.87,257.2 2 0
github.com/par1ram/silence/api/auth/internal/mocks/mocks.go:260.105,265.2 4 0
github.com/par1ram/silence/api/auth/internal/mocks/mocks.go:268.98,271.2 2 0
github.com/par1ram/silence/api/auth/internal/mocks/mocks.go:274.114,280.2 5 0
github.com/par1ram/silence/api/auth/internal/mocks/mocks.go:283.88,286.2 2 0
github.com/par1ram/silence/api/auth/internal/mocks/mocks.go:289.79,294.2 4 0
github.com/par1ram/silence/api/auth/internal/mocks/mocks.go:297.88,300.2 2 0
github.com/par1ram/silence/api/auth/internal/mocks/mocks.go:303.92,309.2 5 0
github.com/par1ram/silence/api/auth/internal/mocks/mocks.go:312.85,315.2 2 0
github.com/par1ram/silence/api/auth/internal/mocks/mocks.go:318.118,324.2 5 0
github.com/par1ram/silence/api/auth/internal/mocks/mocks.go:327.87,330.2 2 0
github.com/par1ram/silence/api/auth/internal/mocks/mocks.go:333.80,338.2 4 0
github.com/par1ram/silence/api/auth/internal/mocks/mocks.go:341.89,344.2 2 0
github.com/par1ram/silence/api/auth/internal/mocks/mocks.go:347.127,353.2 5 0
github.com/par1ram/silence/api/auth/internal/mocks/mocks.go:356.94,359.2 2 0
github.com/par1ram/silence/api/auth/internal/mocks/mocks.go:373.73,377.2 3 0
github.com/par1ram/silence/api/auth/internal/mocks/mocks.go:380.71,382.2 1 0
github.com/par1ram/silence/api/auth/internal/mocks/mocks.go:385.64,391.2 5 0
github.com/par1ram/silence/api/auth/internal/mocks/mocks.go:394.79,397.2 2 0
github.com/par1ram/silence/api/auth/internal/mocks/mocks.go:400.61,405.2 4 0
github.com/par1ram/silence/api/auth/internal/mocks/mocks.go:408.87,411.2 2 0
github.com/par1ram/silence/api/auth/internal/mocks/mocks.go:425.73,429.2 3 0
github.com/par1ram/silence/api/auth/internal/mocks/mocks.go:432.71,434.2 1 0
github.com/par1ram/silence/api/auth/internal/mocks/mocks.go:437.79,443.2 5 0
github.com/par1ram/silence/api/auth/internal/mocks/mocks.go:446.88,449.2 2 0
github.com/par1ram/silence/api/auth/internal/mocks/mocks.go:452.81,458.2 5 0
github.com/par1ram/silence/api/auth/internal/mocks/mocks.go:461.88,464.2 2 0
github.com/par1ram/silence/api/auth/internal/adapters/database/connection.go:19.81,24.16 3 0
github.com/par1ram/silence/api/auth/internal/adapters/database/connection.go:24.16,26.3 1 0
github.com/par1ram/silence/api/auth/internal/adapters/database/connection.go:29.2,30.34 2 0
github.com/par1ram/silence/api/auth/internal/adapters/database/connection.go:30.34,31.35 1 0
github.com/par1ram/silence/api/auth/internal/adapters/database/connection.go:31.35,37.25 2 0
github.com/par1ram/silence/api/auth/internal/adapters/database/connection.go:37.25,39.5 1 0
github.com/par1ram/silence/api/auth/internal/adapters/database/connection.go:42.4,43.12 2 0
github.com/par1ram/silence/api/auth/internal/adapters/database/connection.go:45.3,45.8 1 0
github.com/par1ram/silence/api/auth/internal/adapters/database/connection.go:48.2,56.8 2 0
github.com/par1ram/silence/api/auth/internal/adapters/database/connection.go:60.38,62.2 1 0
github.com/par1ram/silence/api/auth/internal/adapters/database/connection.go:65.36,68.2 2 0
github.com/par1ram/silence/api/auth/internal/adapters/database/migrator.go:21.60,26.2 1 0
github.com/par1ram/silence/api/auth/internal/adapters/database/migrator.go:29.62,31.50 1 0
github.com/par1ram/silence/api/auth/internal/adapters/database/migrator.go:31.50,33.3 1 0
github.com/par1ram/silence/api/auth/internal/adapters/database/migrator.go:36.2,37.16 2 0
github.com/par1ram/silence/api/auth/internal/adapters/database/migrator.go:37.16,39.3 1 0
github.com/par1ram/silence/api/auth/internal/adapters/database/migrator.go:42.2,45.29 2 0
github.com/par1ram/silence/api/auth/internal/adapters/database/migrator.go:45.29,47.56 2 0
github.com/par1ram/silence/api/auth/internal/adapters/database/migrator.go:47.56,49.4 1 0
github.com/par1ram/silence/api/auth/internal/adapters/database/migrator.go:52.2,52.12 1 0
github.com/par1ram/silence/api/auth/internal/adapters/database/migrator.go:56.50,67.2 3 0
github.com/par1ram/silence/api/auth/internal/adapters/database/migrator.go:70.66,74.16 3 0
github.com/par1ram/silence/api/auth/internal/adapters/database/migrator.go:74.16,76.3 1 0
github.com/par1ram/silence/api/auth/internal/adapters/database/migrator.go:78.2,78.15 1 0
github.com/par1ram/silence/api/auth/internal/adapters/database/migrator.go:78.15,81.3 2 0
github.com/par1ram/silence/api/auth/internal/adapters/database/migrator.go:84.2,85.16 2 0
github.com/par1ram/silence/api/auth/internal/adapters/database/migrator.go:85.16,87.3 1 0
github.com/par1ram/silence/api/auth/internal/adapters/database/migrator.go:90.2,91.32 2 0
github.com/par1ram/silence/api/auth/internal/adapters/database/migrator.go:91.32,93.18 2 0
github.com/par1ram/silence/api/auth/internal/adapters/database/migrator.go:93.18,94.12 1 0
github.com/par1ram/silence/api/auth/internal/adapters/database/migrator.go:97.3,97.45 1 0
github.com/par1ram/silence/api/auth/internal/adapters/database/migrator.go:97.45,99.4 1 0
github.com/par1ram/silence/api/auth/internal/adapters/database/migrator.go:103.2,104.16 2 0
github.com/par1ram/silence/api/auth/internal/adapters/database/migrator.go:104.16,106.3 1 0
github.com/par1ram/silence/api/auth/internal/adapters/database/migrator.go:108.2,109.12 2 0
github.com/par1ram/silence/api/auth/internal/adapters/database/postgres.go:21.81,26.2 1 1
github.com/par1ram/silence/api/auth/internal/adapters/database/postgres.go:29.83,45.16 3 1
github.com/par1ram/silence/api/auth/internal/adapters/database/postgres.go:45.16,46.64 1 1
github.com/par1ram/silence/api/auth/internal/adapters/database/postgres.go:46.64,48.4 1 0
github.com/par1ram/silence/api/auth/internal/adapters/database/postgres.go:49.3,49.54 1 1
github.com/par1ram/silence/api/auth/internal/adapters/database/postgres.go:52.2,52.12 1 1
github.com/par1ram/silence/api/auth/internal/adapters/database/postgres.go:56.98,74.16 4 1
github.com/par1ram/silence/api/auth/internal/adapters/database/postgres.go:74.16,75.27 1 1
github.com/par1ram/silence/api/auth/internal/adapters/database/postgres.go:75.27,77.4 1 1
github.com/par1ram/silence/api/auth/internal/adapters/database/postgres.go:78.3,78.56 1 0
github.com/par1ram/silence/api/auth/internal/adapters/database/postgres.go:81.2,81.19 1 1
github.com/par1ram/silence/api/auth/internal/adapters/database/postgres.go:85.92,103.16 4 1
github.com/par1ram/silence/api/auth/internal/adapters/database/postgres.go:103.16,104.27 1 1
github.com/par1ram/silence/api/auth/internal/adapters/database/postgres.go:104.27,106.4 1 1
github.com/par1ram/silence/api/auth/internal/adapters/database/postgres.go:107.3,107.56 1 0
github.com/par1ram/silence/api/auth/internal/adapters/database/postgres.go:110.2,110.19 1 1
github.com/par1ram/silence/api/auth/internal/adapters/database/postgres.go:114.83,129.16 3 1
github.com/par1ram/silence/api/auth/internal/adapters/database/postgres.go:129.16,130.64 1 0
github.com/par1ram/silence/api/auth/internal/adapters/database/postgres.go:130.64,132.4 1 0
github.com/par1ram/silence/api/auth/internal/adapters/database/postgres.go:133.3,133.54 1 0
github.com/par1ram/silence/api/auth/internal/adapters/database/postgres.go:136.2,137.16 2 1
github.com/par1ram/silence/api/auth/internal/adapters/database/postgres.go:137.16,139.3 1 0
github.com/par1ram/silence/api/auth/internal/adapters/database/postgres.go:141.2,141.23 1 1
github.com/par1ram/silence/api/auth/internal/adapters/database/postgres.go:141.23,143.3 1 1
github.com/par1ram/silence/api/auth/internal/adapters/database/postgres.go:145.2,145.12 1 1
github.com/par1ram/silence/api/auth/internal/adapters/database/postgres.go:149.75,153.16 3 1
github.com/par1ram/silence/api/auth/internal/adapters/database/postgres.go:153.16,155.3 1 0
github.com/par1ram/silence/api/auth/internal/adapters/database/postgres.go:157.2,158.16 2 1
github.com/par1ram/silence/api/auth/internal/adapters/database/postgres.go:158.16,160.3 1 0
github.com/par1ram/silence/api/auth/internal/adapters/database/postgres.go:162.2,162.23 1 1
github.com/par1ram/silence/api/auth/internal/adapters/database/postgres.go:162.23,164.3 1 1
github.com/par1ram/silence/api/auth/internal/adapters/database/postgres.go:166.2,166.12 1 1
github.com/par1ram/silence/api/auth/internal/adapters/database/postgres.go:170.112,177.24 4 1
github.com/par1ram/silence/api/auth/internal/adapters/database/postgres.go:177.24,181.3 3 0
github.com/par1ram/silence/api/auth/internal/adapters/database/postgres.go:183.2,183.26 1 1
github.com/par1ram/silence/api/auth/internal/adapters/database/postgres.go:183.26,187.3 3 0
github.com/par1ram/silence/api/auth/internal/adapters/database/postgres.go:189.2,189.25 1 1
github.com/par1ram/silence/api/auth/internal/adapters/database/postgres.go:189.25,193.3 3 0
github.com/par1ram/silence/api/auth/internal/adapters/database/postgres.go:195.2,201.16 5 1
github.com/par1ram/silence/api/auth/internal/adapters/database/postgres.go:201.16,203.3 1 0
github.com/par1ram/silence/api/auth/internal/adapters/database/postgres.go:206.2,207.22 2 1
github.com/par1ram/silence/api/auth/internal/adapters/database/postgres.go:207.22,211.3 3 1
github.com/par1ram/silence/api/auth/internal/adapters/database/postgres.go:212.2,212.23 1 1
github.com/par1ram/silence/api/auth/internal/adapters/database/postgres.go:212.23,215.3 2 0
github.com/par1ram/silence/api/auth/internal/adapters/database/postgres.go:218.2,219.16 2 1
github.com/par1ram/silence/api/auth/internal/adapters/database/postgres.go:219.16,221.3 1 0
github.com/par1ram/silence/api/auth/internal/adapters/database/postgres.go:222.2,225.18 3 1
github.com/par1ram/silence/api/auth/internal/adapters/database/postgres.go:225.18,236.17 3 1
github.com/par1ram/silence/api/auth/internal/adapters/database/postgres.go:236.17,238.4 1 0
github.com/par1ram/silence/api/auth/internal/adapters/database/postgres.go:239.3,239.31 1 1
github.com/par1ram/silence/api/auth/internal/adapters/database/postgres.go:242.2,242.34 1 1
github.com/par1ram/silence/api/auth/internal/adapters/database/postgres.go:242.34,244.3 1 0
github.com/par1ram/silence/api/auth/internal/adapters/database/postgres.go:246.2,246.26 1 1
github.com/par1ram/silence/api/auth/internal/adapters/database/postgres.go:250.107,254.16 3 1
github.com/par1ram/silence/api/auth/internal/adapters/database/postgres.go:254.16,256.3 1 0
github.com/par1ram/silence/api/auth/internal/adapters/database/postgres.go:258.2,259.16 2 1
github.com/par1ram/silence/api/auth/internal/adapters/database/postgres.go:259.16,261.3 1 0
github.com/par1ram/silence/api/auth/internal/adapters/database/postgres.go:263.2,263.23 1 1
github.com/par1ram/silence/api/auth/internal/adapters/database/postgres.go:263.23,265.3 1 0
github.com/par1ram/silence/api/auth/internal/adapters/database/postgres.go:267.2,267.12 1 1
github.com/par1ram/silence/api/auth/internal/adapters/database/postgres.go:271.101,275.16 3 1
github.com/par1ram/silence/api/auth/internal/adapters/database/postgres.go:275.16,277.3 1 0
github.com/par1ram/silence/api/auth/internal/adapters/database/postgres.go:279.2,280.16 2 1
github.com/par1ram/silence/api/auth/internal/adapters/database/postgres.go:280.16,282.3 1 0
github.com/par1ram/silence/api/auth/internal/adapters/database/postgres.go:284.2,284.23 1 1
github.com/par1ram/silence/api/auth/internal/adapters/database/postgres.go:284.23,286.3 1 0
github.com/par1ram/silence/api/auth/internal/adapters/database/postgres.go:288.2,288.12 1 1
github.com/par1ram/silence/api/auth/internal/config/config.go:25.21,39.2 1 0
github.com/par1ram/silence/api/auth/internal/config/config.go:42.46,43.42 1 0
github.com/par1ram/silence/api/auth/internal/config/config.go:43.42,45.3 1 0
github.com/par1ram/silence/api/auth/internal/config/config.go:46.2,46.21 1 0
github.com/par1ram/silence/api/auth/internal/config/config.go:50.50,51.42 1 0
github.com/par1ram/silence/api/auth/internal/config/config.go:51.42,52.55 1 0
github.com/par1ram/silence/api/auth/internal/config/config.go:52.55,54.4 1 0
github.com/par1ram/silence/api/auth/internal/config/config.go:56.2,56.21 1 0
github.com/par1ram/silence/api/auth/internal/domain/errors.go:13.42,15.2 1 0
github.com/par1ram/silence/api/auth/internal/domain/errors.go:18.43,20.2 1 0
github.com/par1ram/silence/api/auth/internal/domain/errors.go:23.37,25.2 1 0
github.com/par1ram/silence/api/auth/internal/adapters/http/handlers.go:19.79,24.2 1 1
github.com/par1ram/silence/api/auth/internal/adapters/http/handlers.go:27.76,28.33 1 1
github.com/par1ram/silence/api/auth/internal/adapters/http/handlers.go:28.33,31.3 2 1
github.com/par1ram/silence/api/auth/internal/adapters/http/handlers.go:33.2,34.61 2 1
github.com/par1ram/silence/api/auth/internal/adapters/http/handlers.go:34.61,38.3 3 1
github.com/par1ram/silence/api/auth/internal/adapters/http/handlers.go:40.2,41.16 2 1
github.com/par1ram/silence/api/auth/internal/adapters/http/handlers.go:41.16,43.38 1 1
github.com/par1ram/silence/api/auth/internal/adapters/http/handlers.go:43.38,45.4 1 1
github.com/par1ram/silence/api/auth/internal/adapters/http/handlers.go:45.9,47.4 1 1
github.com/par1ram/silence/api/auth/internal/adapters/http/handlers.go:48.3,49.9 2 1
github.com/par1ram/silence/api/auth/internal/adapters/http/handlers.go:52.2,55.60 3 1
github.com/par1ram/silence/api/auth/internal/adapters/http/handlers.go:55.60,58.3 2 0
github.com/par1ram/silence/api/auth/internal/adapters/http/handlers.go:62.73,63.33 1 1
github.com/par1ram/silence/api/auth/internal/adapters/http/handlers.go:63.33,66.3 2 1
github.com/par1ram/silence/api/auth/internal/adapters/http/handlers.go:68.2,69.61 2 1
github.com/par1ram/silence/api/auth/internal/adapters/http/handlers.go:69.61,73.3 3 1
github.com/par1ram/silence/api/auth/internal/adapters/http/handlers.go:75.2,76.16 2 1
github.com/par1ram/silence/api/auth/internal/adapters/http/handlers.go:76.16,78.39 1 1
github.com/par1ram/silence/api/auth/internal/adapters/http/handlers.go:78.39,80.4 1 1
github.com/par1ram/silence/api/auth/internal/adapters/http/handlers.go:80.9,82.4 1 1
github.com/par1ram/silence/api/auth/internal/adapters/http/handlers.go:83.3,84.9 2 1
github.com/par1ram/silence/api/auth/internal/adapters/http/handlers.go:87.2,90.60 3 1
github.com/par1ram/silence/api/auth/internal/adapters/http/handlers.go:90.60,93.3 2 0
github.com/par1ram/silence/api/auth/internal/adapters/http/handlers.go:97.74,106.60 4 1
github.com/par1ram/silence/api/auth/internal/adapters/http/handlers.go:106.60,109.3 2 0
github.com/par1ram/silence/api/auth/internal/adapters/http/middleware.go:8.84,9.46 1 1
github.com/par1ram/silence/api/auth/internal/adapters/http/middleware.go:9.46,10.72 1 1
github.com/par1ram/silence/api/auth/internal/adapters/http/middleware.go:10.72,12.45 2 1
github.com/par1ram/silence/api/auth/internal/adapters/http/middleware.go:12.45,15.5 2 1
github.com/par1ram/silence/api/auth/internal/adapters/http/middleware.go:16.4,16.24 1 1
github.com/par1ram/silence/api/auth/internal/adapters/http/server.go:20.125,51.2 15 1
github.com/par1ram/silence/api/auth/internal/adapters/http/server.go:54.51,57.2 2 0
github.com/par1ram/silence/api/auth/internal/adapters/http/server.go:60.50,63.2 2 0
github.com/par1ram/silence/api/auth/internal/adapters/http/server.go:66.32,68.2 1 1
github.com/par1ram/silence/api/auth/internal/adapters/http/server.go:71.44,73.2 1 1
github.com/par1ram/silence/api/auth/internal/adapters/http/user_handlers.go:21.87,26.2 1 1
github.com/par1ram/silence/api/auth/internal/adapters/http/user_handlers.go:29.82,30.46 1 1
github.com/par1ram/silence/api/auth/internal/adapters/http/user_handlers.go:30.46,32.3 1 1
github.com/par1ram/silence/api/auth/internal/adapters/http/user_handlers.go:34.2,35.34 2 1
github.com/par1ram/silence/api/auth/internal/adapters/http/user_handlers.go:35.34,37.3 1 1
github.com/par1ram/silence/api/auth/internal/adapters/http/user_handlers.go:40.2,40.43 1 1
github.com/par1ram/silence/api/auth/internal/adapters/http/user_handlers.go:40.43,43.3 2 1
github.com/par1ram/silence/api/auth/internal/adapters/http/user_handlers.go:45.2,45.20 1 1
github.com/par1ram/silence/api/auth/internal/adapters/http/user_handlers.go:45.20,47.3 1 1
github.com/par1ram/silence/api/auth/internal/adapters/http/user_handlers.go:49.2,50.16 2 1
github.com/par1ram/silence/api/auth/internal/adapters/http/user_handlers.go:50.16,54.3 3 1
github.com/par1ram/silence/api/auth/internal/adapters/http/user_handlers.go:56.2,56.42 1 1
github.com/par1ram/silence/api/auth/internal/adapters/http/user_handlers.go:60.79,61.45 1 1
github.com/par1ram/silence/api/auth/internal/adapters/http/user_handlers.go:61.45,63.3 1 1
github.com/par1ram/silence/api/auth/internal/adapters/http/user_handlers.go:65.2,66.14 2 1
github.com/par1ram/silence/api/auth/internal/adapters/http/user_handlers.go:66.14,68.3 1 1
github.com/par1ram/silence/api/auth/internal/adapters/http/user_handlers.go:70.2,71.16 2 1
github.com/par1ram/silence/api/auth/internal/adapters/http/user_handlers.go:71.16,75.3 3 1
github.com/par1ram/silence/api/auth/internal/adapters/http/user_handlers.go:77.2,77.37 1 1
github.com/par1ram/silence/api/auth/internal/adapters/http/user_handlers.go:81.82,82.45 1 1
github.com/par1ram/silence/api/auth/internal/adapters/http/user_handlers.go:82.45,84.3 1 1
github.com/par1ram/silence/api/auth/internal/adapters/http/user_handlers.go:86.2,87.14 2 1
github.com/par1ram/silence/api/auth/internal/adapters/http/user_handlers.go:87.14,89.3 1 1
github.com/par1ram/silence/api/auth/internal/adapters/http/user_handlers.go:91.2,92.34 2 1
github.com/par1ram/silence/api/auth/internal/adapters/http/user_handlers.go:92.34,94.3 1 1
github.com/par1ram/silence/api/auth/internal/adapters/http/user_handlers.go:96.2,97.16 2 1
github.com/par1ram/silence/api/auth/internal/adapters/http/user_handlers.go:97.16,101.3 3 1
github.com/par1ram/silence/api/auth/internal/adapters/http/user_handlers.go:103.2,103.37 1 1
github.com/par1ram/silence/api/auth/internal/adapters/http/user_handlers.go:107.82,108.48 1 1
github.com/par1ram/silence/api/auth/internal/adapters/http/user_handlers.go:108.48,110.3 1 1
github.com/par1ram/silence/api/auth/internal/adapters/http/user_handlers.go:112.2,113.14 2 1
github.com/par1ram/silence/api/auth/internal/adapters/http/user_handlers.go:113.14,115.3 1 1
github.com/par1ram/silence/api/auth/internal/adapters/http/user_handlers.go:117.2,118.16 2 1
github.com/par1ram/silence/api/auth/internal/adapters/http/user_handlers.go:118.16,122.3 3 1
github.com/par1ram/silence/api/auth/internal/adapters/http/user_handlers.go:124.2,124.117 1 1
github.com/par1ram/silence/api/auth/internal/adapters/http/user_handlers.go:128.81,129.45 1 1
github.com/par1ram/silence/api/auth/internal/adapters/http/user_handlers.go:129.45,131.3 1 1
github.com/par1ram/silence/api/auth/internal/adapters/http/user_handlers.go:133.2,135.16 3 1
github.com/par1ram/silence/api/auth/internal/adapters/http/user_handlers.go:135.16,139.3 3 1
github.com/par1ram/silence/api/auth/internal/adapters/http/user_handlers.go:141.2,141.41 1 1
github.com/par1ram/silence/api/auth/internal/adapters/http/user_handlers.go:145.81,146.46 1 1
github.com/par1ram/silence/api/auth/internal/adapters/http/user_handlers.go:146.46,148.3 1 1
github.com/par1ram/silence/api/auth/internal/adapters/http/user_handlers.go:150.2,151.14 2 1
github.com/par1ram/silence/api/auth/internal/adapters/http/user_handlers.go:151.14,153.3 1 1
github.com/par1ram/silence/api/auth/internal/adapters/http/user_handlers.go:155.2,156.16 2 1
github.com/par1ram/silence/api/auth/internal/adapters/http/user_handlers.go:156.16,160.3 3 1
github.com/par1ram/silence/api/auth/internal/adapters/http/user_handlers.go:162.2,162.114 1 1
github.com/par1ram/silence/api/auth/internal/adapters/http/user_handlers.go:166.83,167.46 1 1
github.com/par1ram/silence/api/auth/internal/adapters/http/user_handlers.go:167.46,169.3 1 1
github.com/par1ram/silence/api/auth/internal/adapters/http/user_handlers.go:171.2,172.14 2 1
github.com/par1ram/silence/api/auth/internal/adapters/http/user_handlers.go:172.14,174.3 1 1
github.com/par1ram/silence/api/auth/internal/adapters/http/user_handlers.go:176.2,177.16 2 1
github.com/par1ram/silence/api/auth/internal/adapters/http/user_handlers.go:177.16,181.3 3 1
github.com/par1ram/silence/api/auth/internal/adapters/http/user_handlers.go:183.2,183.116 1 1
github.com/par1ram/silence/api/auth/internal/adapters/http/user_handlers.go:187.86,188.46 1 1
github.com/par1ram/silence/api/auth/internal/adapters/http/user_handlers.go:188.46,190.3 1 1
github.com/par1ram/silence/api/auth/internal/adapters/http/user_handlers.go:192.2,193.14 2 1
github.com/par1ram/silence/api/auth/internal/adapters/http/user_handlers.go:193.14,195.3 1 1
github.com/par1ram/silence/api/auth/internal/adapters/http/user_handlers.go:197.2,200.34 2 1
github.com/par1ram/silence/api/auth/internal/adapters/http/user_handlers.go:200.34,202.3 1 1
github.com/par1ram/silence/api/auth/internal/adapters/http/user_handlers.go:204.2,204.20 1 1
github.com/par1ram/silence/api/auth/internal/adapters/http/user_handlers.go:204.20,207.3 2 1
github.com/par1ram/silence/api/auth/internal/adapters/http/user_handlers.go:209.2,210.16 2 1
github.com/par1ram/silence/api/auth/internal/adapters/http/user_handlers.go:210.16,214.3 3 1
github.com/par1ram/silence/api/auth/internal/adapters/http/user_handlers.go:216.2,216.115 1 1
github.com/par1ram/silence/api/auth/internal/adapters/http/user_handlers.go:222.99,223.24 1 1
github.com/par1ram/silence/api/auth/internal/adapters/http/user_handlers.go:223.24,226.3 2 1
github.com/par1ram/silence/api/auth/internal/adapters/http/user_handlers.go:227.2,227.13 1 1
github.com/par1ram/silence/api/auth/internal/adapters/http/user_handlers.go:231.81,233.24 2 1
github.com/par1ram/silence/api/auth/internal/adapters/http/user_handlers.go:233.24,236.3 2 1
github.com/par1ram/silence/api/auth/internal/adapters/http/user_handlers.go:237.2,237.36 1 1
github.com/par1ram/silence/api/auth/internal/adapters/http/user_handlers.go:241.98,242.58 1 1
github.com/par1ram/silence/api/auth/internal/adapters/http/user_handlers.go:242.58,246.3 3 1
github.com/par1ram/silence/api/auth/internal/adapters/http/user_handlers.go:247.2,247.13 1 1
github.com/par1ram/silence/api/auth/internal/adapters/http/user_handlers.go:251.87,254.56 3 1
github.com/par1ram/silence/api/auth/internal/adapters/http/user_handlers.go:254.56,256.3 1 0
github.com/par1ram/silence/api/auth/internal/adapters/http/user_handlers.go:260.86,262.2 1 1
github.com/par1ram/silence/api/auth/internal/adapters/http/user_handlers.go:265.76,267.20 2 1
github.com/par1ram/silence/api/auth/internal/adapters/http/user_handlers.go:267.20,269.3 1 1
github.com/par1ram/silence/api/auth/internal/adapters/http/user_handlers.go:270.2,271.21 2 1
github.com/par1ram/silence/api/auth/internal/adapters/http/user_handlers.go:271.21,273.3 1 1
github.com/par1ram/silence/api/auth/internal/adapters/http/user_handlers.go:274.2,279.30 5 1
github.com/par1ram/silence/api/auth/internal/adapters/http/user_handlers.go:279.30,281.3 1 1
github.com/par1ram/silence/api/auth/internal/adapters/http/user_handlers.go:283.2,284.30 2 1
github.com/par1ram/silence/api/auth/internal/adapters/http/user_handlers.go:284.30,286.3 1 1
github.com/par1ram/silence/api/auth/internal/adapters/http/user_handlers.go:288.2,293.16 2 1
github.com/par1ram/silence/api/auth/internal/adapters/http/user_handlers.go:293.16,296.3 2 1
github.com/par1ram/silence/api/auth/internal/adapters/http/user_handlers.go:298.2,298.18 1 1
github.com/par1ram/silence/api/auth/internal/adapters/http/user_handlers.go:298.18,301.3 2 1
github.com/par1ram/silence/api/auth/internal/adapters/http/user_handlers.go:303.2,303.17 1 1
github.com/par1ram/silence/api/auth/internal/adapters/http/user_handlers.go:303.17,305.3 1 1
github.com/par1ram/silence/api/auth/internal/adapters/http/user_handlers.go:307.2,307.15 1 1
github.com/par1ram/silence/api/auth/internal/config/config.go:25.21,39.2 1 0
github.com/par1ram/silence/api/auth/internal/config/config.go:42.46,43.42 1 0
github.com/par1ram/silence/api/auth/internal/config/config.go:43.42,45.3 1 0
github.com/par1ram/silence/api/auth/internal/config/config.go:46.2,46.21 1 0
github.com/par1ram/silence/api/auth/internal/config/config.go:50.50,51.42 1 0
github.com/par1ram/silence/api/auth/internal/config/config.go:51.42,52.55 1 0
github.com/par1ram/silence/api/auth/internal/config/config.go:52.55,54.4 1 0
github.com/par1ram/silence/api/auth/internal/config/config.go:56.2,56.21 1 0
github.com/par1ram/silence/api/auth/internal/domain/errors.go:13.42,15.2 1 1
github.com/par1ram/silence/api/auth/internal/domain/errors.go:18.43,20.2 1 1
github.com/par1ram/silence/api/auth/internal/domain/errors.go:23.37,25.2 1 0
github.com/par1ram/silence/api/auth/internal/mocks/mocks.go:27.67,31.2 3 1
github.com/par1ram/silence/api/auth/internal/mocks/mocks.go:34.65,36.2 1 1
github.com/par1ram/silence/api/auth/internal/mocks/mocks.go:39.112,45.2 5 1
github.com/par1ram/silence/api/auth/internal/mocks/mocks.go:48.83,51.2 2 1
github.com/par1ram/silence/api/auth/internal/mocks/mocks.go:54.118,60.2 5 1
github.com/par1ram/silence/api/auth/internal/mocks/mocks.go:63.86,66.2 2 1
github.com/par1ram/silence/api/auth/internal/mocks/mocks.go:69.78,75.2 5 0
github.com/par1ram/silence/api/auth/internal/mocks/mocks.go:78.85,81.2 2 0
github.com/par1ram/silence/api/auth/internal/mocks/mocks.go:95.73,99.2 3 0
github.com/par1ram/silence/api/auth/internal/mocks/mocks.go:102.71,104.2 1 0
github.com/par1ram/silence/api/auth/internal/mocks/mocks.go:107.84,112.2 4 0
github.com/par1ram/silence/api/auth/internal/mocks/mocks.go:115.87,118.2 2 0
github.com/par1ram/silence/api/auth/internal/mocks/mocks.go:121.78,126.2 4 0
github.com/par1ram/silence/api/auth/internal/mocks/mocks.go:129.87,132.2 2 0
github.com/par1ram/silence/api/auth/internal/mocks/mocks.go:135.98,141.2 5 0
github.com/par1ram/silence/api/auth/internal/mocks/mocks.go:144.91,147.2 2 0
github.com/par1ram/silence/api/auth/internal/mocks/mocks.go:150.95,156.2 5 0
github.com/par1ram/silence/api/auth/internal/mocks/mocks.go:159.88,162.2 2 0
github.com/par1ram/silence/api/auth/internal/mocks/mocks.go:165.111,172.2 6 0
github.com/par1ram/silence/api/auth/internal/mocks/mocks.go:175.85,178.2 2 0
github.com/par1ram/silence/api/auth/internal/mocks/mocks.go:181.84,186.2 4 0
github.com/par1ram/silence/api/auth/internal/mocks/mocks.go:189.87,192.2 2 0
github.com/par1ram/silence/api/auth/internal/mocks/mocks.go:195.104,200.2 4 0
github.com/par1ram/silence/api/auth/internal/mocks/mocks.go:203.97,206.2 2 0
github.com/par1ram/silence/api/auth/internal/mocks/mocks.go:209.108,214.2 4 0
github.com/par1ram/silence/api/auth/internal/mocks/mocks.go:217.99,220.2 2 0
github.com/par1ram/silence/api/auth/internal/mocks/mocks.go:234.67,238.2 3 1
github.com/par1ram/silence/api/auth/internal/mocks/mocks.go:241.65,243.2 1 1
github.com/par1ram/silence/api/auth/internal/mocks/mocks.go:246.78,251.2 4 1
github.com/par1ram/silence/api/auth/internal/mocks/mocks.go:254.87,257.2 2 1
github.com/par1ram/silence/api/auth/internal/mocks/mocks.go:260.105,265.2 4 1
github.com/par1ram/silence/api/auth/internal/mocks/mocks.go:268.98,271.2 2 1
github.com/par1ram/silence/api/auth/internal/mocks/mocks.go:274.114,280.2 5 1
github.com/par1ram/silence/api/auth/internal/mocks/mocks.go:283.88,286.2 2 1
github.com/par1ram/silence/api/auth/internal/mocks/mocks.go:289.79,294.2 4 1
github.com/par1ram/silence/api/auth/internal/mocks/mocks.go:297.88,300.2 2 1
github.com/par1ram/silence/api/auth/internal/mocks/mocks.go:303.92,309.2 5 1
github.com/par1ram/silence/api/auth/internal/mocks/mocks.go:312.85,315.2 2 1
github.com/par1ram/silence/api/auth/internal/mocks/mocks.go:318.118,324.2 5 1
github.com/par1ram/silence/api/auth/internal/mocks/mocks.go:327.87,330.2 2 1
github.com/par1ram/silence/api/auth/internal/mocks/mocks.go:333.80,338.2 4 1
github.com/par1ram/silence/api/auth/internal/mocks/mocks.go:341.89,344.2 2 1
github.com/par1ram/silence/api/auth/internal/mocks/mocks.go:347.127,353.2 5 1
github.com/par1ram/silence/api/auth/internal/mocks/mocks.go:356.94,359.2 2 1
github.com/par1ram/silence/api/auth/internal/mocks/mocks.go:373.73,377.2 3 0
github.com/par1ram/silence/api/auth/internal/mocks/mocks.go:380.71,382.2 1 0
github.com/par1ram/silence/api/auth/internal/mocks/mocks.go:385.64,391.2 5 0
github.com/par1ram/silence/api/auth/internal/mocks/mocks.go:394.79,397.2 2 0
github.com/par1ram/silence/api/auth/internal/mocks/mocks.go:400.61,405.2 4 0
github.com/par1ram/silence/api/auth/internal/mocks/mocks.go:408.87,411.2 2 0
github.com/par1ram/silence/api/auth/internal/mocks/mocks.go:425.73,429.2 3 0
github.com/par1ram/silence/api/auth/internal/mocks/mocks.go:432.71,434.2 1 0
github.com/par1ram/silence/api/auth/internal/mocks/mocks.go:437.79,443.2 5 0
github.com/par1ram/silence/api/auth/internal/mocks/mocks.go:446.88,449.2 2 0
github.com/par1ram/silence/api/auth/internal/mocks/mocks.go:452.81,458.2 5 0
github.com/par1ram/silence/api/auth/internal/mocks/mocks.go:461.88,464.2 2 0
github.com/par1ram/silence/api/auth/internal/domain/errors.go:13.42,15.2 1 0
github.com/par1ram/silence/api/auth/internal/domain/errors.go:18.43,20.2 1 0
github.com/par1ram/silence/api/auth/internal/domain/errors.go:23.37,25.2 1 0
github.com/par1ram/silence/api/auth/internal/mocks/mocks.go:27.67,31.2 3 0
github.com/par1ram/silence/api/auth/internal/mocks/mocks.go:34.65,36.2 1 0
github.com/par1ram/silence/api/auth/internal/mocks/mocks.go:39.112,45.2 5 0
github.com/par1ram/silence/api/auth/internal/mocks/mocks.go:48.83,51.2 2 0
github.com/par1ram/silence/api/auth/internal/mocks/mocks.go:54.118,60.2 5 0
github.com/par1ram/silence/api/auth/internal/mocks/mocks.go:63.86,66.2 2 0
github.com/par1ram/silence/api/auth/internal/mocks/mocks.go:69.78,75.2 5 0
github.com/par1ram/silence/api/auth/internal/mocks/mocks.go:78.85,81.2 2 0
github.com/par1ram/silence/api/auth/internal/mocks/mocks.go:95.73,99.2 3 1
github.com/par1ram/silence/api/auth/internal/mocks/mocks.go:102.71,104.2 1 1
github.com/par1ram/silence/api/auth/internal/mocks/mocks.go:107.84,112.2 4 1
github.com/par1ram/silence/api/auth/internal/mocks/mocks.go:115.87,118.2 2 1
github.com/par1ram/silence/api/auth/internal/mocks/mocks.go:121.78,126.2 4 1
github.com/par1ram/silence/api/auth/internal/mocks/mocks.go:129.87,132.2 2 1
github.com/par1ram/silence/api/auth/internal/mocks/mocks.go:135.98,141.2 5 1
github.com/par1ram/silence/api/auth/internal/mocks/mocks.go:144.91,147.2 2 1
github.com/par1ram/silence/api/auth/internal/mocks/mocks.go:150.95,156.2 5 1
github.com/par1ram/silence/api/auth/internal/mocks/mocks.go:159.88,162.2 2 1
github.com/par1ram/silence/api/auth/internal/mocks/mocks.go:165.111,172.2 6 1
github.com/par1ram/silence/api/auth/internal/mocks/mocks.go:175.85,178.2 2 1
github.com/par1ram/silence/api/auth/internal/mocks/mocks.go:181.84,186.2 4 1
github.com/par1ram/silence/api/auth/internal/mocks/mocks.go:189.87,192.2 2 1
github.com/par1ram/silence/api/auth/internal/mocks/mocks.go:195.104,200.2 4 1
github.com/par1ram/silence/api/auth/internal/mocks/mocks.go:203.97,206.2 2 1
github.com/par1ram/silence/api/auth/internal/mocks/mocks.go:209.108,214.2 4 1
github.com/par1ram/silence/api/auth/internal/mocks/mocks.go:217.99,220.2 2 1
github.com/par1ram/silence/api/auth/internal/mocks/mocks.go:234.67,238.2 3 0
github.com/par1ram/silence/api/auth/internal/mocks/mocks.go:241.65,243.2 1 0
github.com/par1ram/silence/api/auth/internal/mocks/mocks.go:246.78,251.2 4 0
github.com/par1ram/silence/api/auth/internal/mocks/mocks.go:254.87,257.2 2 0
github.com/par1ram/silence/api/auth/internal/mocks/mocks.go:260.105,265.2 4 0
github.com/par1ram/silence/api/auth/internal/mocks/mocks.go:268.98,271.2 2 0
github.com/par1ram/silence/api/auth/internal/mocks/mocks.go:274.114,280.2 5 0
github.com/par1ram/silence/api/auth/internal/mocks/mocks.go:283.88,286.2 2 0
github.com/par1ram/silence/api/auth/internal/mocks/mocks.go:289.79,294.2 4 0
github.com/par1ram/silence/api/auth/internal/mocks/mocks.go:297.88,300.2 2 0
github.com/par1ram/silence/api/auth/internal/mocks/mocks.go:303.92,309.2 5 0
github.com/par1ram/silence/api/auth/internal/mocks/mocks.go:312.85,315.2 2 0
github.com/par1ram/silence/api/auth/internal/mocks/mocks.go:318.118,324.2 5 0
github.com/par1ram/silence/api/auth/internal/mocks/mocks.go:327.87,330.2 2 0
github.com/par1ram/silence/api/auth/internal/mocks/mocks.go:333.80,338.2 4 0
github.com/par1ram/silence/api/auth/internal/mocks/mocks.go:341.89,344.2 2 0
github.com/par1ram/silence/api/auth/internal/mocks/mocks.go:347.127,353.2 5 0
github.com/par1ram/silence/api/auth/internal/mocks/mocks.go:356.94,359.2 2 0
github.com/par1ram/silence/api/auth/internal/mocks/mocks.go:373.73,377.2 3 1
github.com/par1ram/silence/api/auth/internal/mocks/mocks.go:380.71,382.2 1 1
github.com/par1ram/silence/api/auth/internal/mocks/mocks.go:385.64,391.2 5 1
github.com/par1ram/silence/api/auth/internal/mocks/mocks.go:394.79,397.2 2 1
github.com/par1ram/silence/api/auth/internal/mocks/mocks.go:400.61,405.2 4 1
github.com/par1ram/silence/api/auth/internal/mocks/mocks.go:408.87,411.2 2 1
github.com/par1ram/silence/api/auth/internal/mocks/mocks.go:425.73,429.2 3 1
github.com/par1ram/silence/api/auth/internal/mocks/mocks.go:432.71,434.2 1 1
github.com/par1ram/silence/api/auth/internal/mocks/mocks.go:437.79,443.2 5 1
github.com/par1ram/silence/api/auth/internal/mocks/mocks.go:446.88,449.2 2 1
github.com/par1ram/silence/api/auth/internal/mocks/mocks.go:452.81,458.2 5 1
github.com/par1ram/silence/api/auth/internal/mocks/mocks.go:461.88,464.2 2 1
github.com/par1ram/silence/api/auth/internal/services/auth.go:29.21,36.2 1 1
github.com/par1ram/silence/api/auth/internal/services/auth.go:39.112,42.25 2 1
github.com/par1ram/silence/api/auth/internal/services/auth.go:42.25,44.3 1 1
github.com/par1ram/silence/api/auth/internal/services/auth.go:47.2,48.16 2 1
github.com/par1ram/silence/api/auth/internal/services/auth.go:48.16,50.3 1 1
github.com/par1ram/silence/api/auth/internal/services/auth.go:53.2,64.53 2 1
github.com/par1ram/silence/api/auth/internal/services/auth.go:64.53,66.3 1 1
github.com/par1ram/silence/api/auth/internal/services/auth.go:69.2,70.16 2 1
github.com/par1ram/silence/api/auth/internal/services/auth.go:70.16,72.3 1 1
github.com/par1ram/silence/api/auth/internal/services/auth.go:74.2,79.8 2 1
github.com/par1ram/silence/api/auth/internal/services/auth.go:83.106,86.16 2 1
github.com/par1ram/silence/api/auth/internal/services/auth.go:86.16,88.3 1 1
github.com/par1ram/silence/api/auth/internal/services/auth.go:91.2,91.41 1 1
github.com/par1ram/silence/api/auth/internal/services/auth.go:91.41,93.3 1 1
github.com/par1ram/silence/api/auth/internal/services/auth.go:95.2,95.42 1 1
github.com/par1ram/silence/api/auth/internal/services/auth.go:95.42,97.3 1 1
github.com/par1ram/silence/api/auth/internal/services/auth.go:100.2,100.59 1 1
github.com/par1ram/silence/api/auth/internal/services/auth.go:100.59,102.3 1 1
github.com/par1ram/silence/api/auth/internal/services/auth.go:105.2,106.16 2 1
github.com/par1ram/silence/api/auth/internal/services/auth.go:106.16,108.3 1 1
github.com/par1ram/silence/api/auth/internal/services/auth.go:110.2,115.8 2 1
github.com/par1ram/silence/api/auth/internal/services/auth.go:119.75,121.2 1 1
github.com/par1ram/silence/api/auth/internal/services/auth.go:124.26,126.44 2 1
github.com/par1ram/silence/api/auth/internal/services/auth.go:126.44,127.66 1 0
github.com/par1ram/silence/api/auth/internal/services/auth.go:129.2,129.34 1 1
github.com/par1ram/silence/api/auth/internal/services/password.go:14.48,16.2 1 1
github.com/par1ram/silence/api/auth/internal/services/password.go:19.65,22.16 2 1
github.com/par1ram/silence/api/auth/internal/services/password.go:22.16,24.3 1 1
github.com/par1ram/silence/api/auth/internal/services/password.go:27.2,27.26 1 1
github.com/par1ram/silence/api/auth/internal/services/password.go:31.62,34.2 2 1
github.com/par1ram/silence/api/auth/internal/services/token.go:19.86,24.2 1 1
github.com/par1ram/silence/api/auth/internal/services/token.go:27.73,43.2 3 1
github.com/par1ram/silence/api/auth/internal/services/token.go:46.82,47.111 1 1
github.com/par1ram/silence/api/auth/internal/services/token.go:47.111,48.58 1 1
github.com/par1ram/silence/api/auth/internal/services/token.go:48.58,50.4 1 0
github.com/par1ram/silence/api/auth/internal/services/token.go:51.3,51.26 1 1
github.com/par1ram/silence/api/auth/internal/services/token.go:54.2,54.16 1 1
github.com/par1ram/silence/api/auth/internal/services/token.go:54.16,56.3 1 1
github.com/par1ram/silence/api/auth/internal/services/token.go:58.2,58.68 1 1
github.com/par1ram/silence/api/auth/internal/services/token.go:58.68,60.3 1 1
github.com/par1ram/silence/api/auth/internal/services/token.go:62.2,62.41 1 0
github.com/par1ram/silence/api/auth/internal/services/user.go:20.105,25.2 1 1
github.com/par1ram/silence/api/auth/internal/services/user.go:28.112,31.39 2 1
github.com/par1ram/silence/api/auth/internal/services/user.go:31.39,33.3 1 0
github.com/par1ram/silence/api/auth/internal/services/user.go:36.2,37.16 2 1
github.com/par1ram/silence/api/auth/internal/services/user.go:37.16,39.3 1 1
github.com/par1ram/silence/api/auth/internal/services/user.go:42.2,53.53 2 1
github.com/par1ram/silence/api/auth/internal/services/user.go:53.53,55.3 1 1
github.com/par1ram/silence/api/auth/internal/services/user.go:57.2,57.18 1 1
github.com/par1ram/silence/api/auth/internal/services/user.go:61.89,63.16 2 1
github.com/par1ram/silence/api/auth/internal/services/user.go:63.16,65.3 1 1
github.com/par1ram/silence/api/auth/internal/services/user.go:66.2,66.18 1 1
github.com/par1ram/silence/api/auth/internal/services/user.go:70.123,73.16 2 1
github.com/par1ram/silence/api/auth/internal/services/user.go:73.16,75.3 1 1
github.com/par1ram/silence/api/auth/internal/services/user.go:78.2,78.21 1 1
github.com/par1ram/silence/api/auth/internal/services/user.go:78.21,80.30 1 1
github.com/par1ram/silence/api/auth/internal/services/user.go:80.30,82.41 2 1
github.com/par1ram/silence/api/auth/internal/services/user.go:82.41,84.5 1 1
github.com/par1ram/silence/api/auth/internal/services/user.go:86.3,86.25 1 1
github.com/par1ram/silence/api/auth/internal/services/user.go:89.2,89.20 1 1
github.com/par1ram/silence/api/auth/internal/services/user.go:89.20,91.3 1 1
github.com/par1ram/silence/api/auth/internal/services/user.go:93.2,93.22 1 1
github.com/par1ram/silence/api/auth/internal/services/user.go:93.22,95.3 1 1
github.com/par1ram/silence/api/auth/internal/services/user.go:97.2,100.53 2 1
github.com/par1ram/silence/api/auth/internal/services/user.go:100.53,102.3 1 0
github.com/par1ram/silence/api/auth/internal/services/user.go:104.2,104.18 1 1
github.com/par1ram/silence/api/auth/internal/services/user.go:108.76,111.16 2 1
github.com/par1ram/silence/api/auth/internal/services/user.go:111.16,113.3 1 1
github.com/par1ram/silence/api/auth/internal/services/user.go:115.2,115.35 1 1
github.com/par1ram/silence/api/auth/internal/services/user.go:119.119,121.16 2 1
github.com/par1ram/silence/api/auth/internal/services/user.go:121.16,123.3 1 1
github.com/par1ram/silence/api/auth/internal/services/user.go:125.2,128.8 1 1
github.com/par1ram/silence/api/auth/internal/services/user.go:132.75,135.16 2 1
github.com/par1ram/silence/api/auth/internal/services/user.go:135.16,137.3 1 1
github.com/par1ram/silence/api/auth/internal/services/user.go:139.2,139.63 1 1
github.com/par1ram/silence/api/auth/internal/services/user.go:143.77,146.16 2 1
github.com/par1ram/silence/api/auth/internal/services/user.go:146.16,148.3 1 1
github.com/par1ram/silence/api/auth/internal/services/user.go:150.2,150.62 1 1
github.com/par1ram/silence/api/auth/internal/services/user.go:154.102,157.16 2 1
github.com/par1ram/silence/api/auth/internal/services/user.go:157.16,159.3 1 1
github.com/par1ram/silence/api/auth/internal/services/user.go:161.2,161.45 1 1
