mode: set
github.com/par1ram/silence/api/auth/internal/services/auth.go:29.21,36.2 1 1
github.com/par1ram/silence/api/auth/internal/services/auth.go:39.112,42.25 2 1
github.com/par1ram/silence/api/auth/internal/services/auth.go:42.25,44.3 1 1
github.com/par1ram/silence/api/auth/internal/services/auth.go:47.2,48.16 2 1
github.com/par1ram/silence/api/auth/internal/services/auth.go:48.16,50.3 1 1
github.com/par1ram/silence/api/auth/internal/services/auth.go:53.2,64.53 2 1
github.com/par1ram/silence/api/auth/internal/services/auth.go:64.53,66.3 1 1
github.com/par1ram/silence/api/auth/internal/services/auth.go:69.2,70.16 2 1
github.com/par1ram/silence/api/auth/internal/services/auth.go:70.16,72.3 1 1
github.com/par1ram/silence/api/auth/internal/services/auth.go:74.2,79.8 2 1
github.com/par1ram/silence/api/auth/internal/services/auth.go:83.106,86.16 2 1
github.com/par1ram/silence/api/auth/internal/services/auth.go:86.16,88.3 1 1
github.com/par1ram/silence/api/auth/internal/services/auth.go:91.2,91.41 1 1
github.com/par1ram/silence/api/auth/internal/services/auth.go:91.41,93.3 1 1
github.com/par1ram/silence/api/auth/internal/services/auth.go:95.2,95.42 1 1
github.com/par1ram/silence/api/auth/internal/services/auth.go:95.42,97.3 1 1
github.com/par1ram/silence/api/auth/internal/services/auth.go:100.2,100.59 1 1
github.com/par1ram/silence/api/auth/internal/services/auth.go:100.59,102.3 1 1
github.com/par1ram/silence/api/auth/internal/services/auth.go:105.2,106.16 2 1
github.com/par1ram/silence/api/auth/internal/services/auth.go:106.16,108.3 1 1
github.com/par1ram/silence/api/auth/internal/services/auth.go:110.2,115.8 2 1
github.com/par1ram/silence/api/auth/internal/services/auth.go:119.75,121.2 1 1
github.com/par1ram/silence/api/auth/internal/services/auth.go:124.26,126.44 2 1
github.com/par1ram/silence/api/auth/internal/services/auth.go:126.44,127.66 1 0
github.com/par1ram/silence/api/auth/internal/services/auth.go:129.2,129.34 1 1
github.com/par1ram/silence/api/auth/internal/services/password.go:14.48,16.2 1 1
github.com/par1ram/silence/api/auth/internal/services/password.go:19.65,22.16 2 1
github.com/par1ram/silence/api/auth/internal/services/password.go:22.16,24.3 1 1
github.com/par1ram/silence/api/auth/internal/services/password.go:27.2,27.26 1 1
github.com/par1ram/silence/api/auth/internal/services/password.go:31.62,34.2 2 1
github.com/par1ram/silence/api/auth/internal/services/token.go:19.86,24.2 1 1
github.com/par1ram/silence/api/auth/internal/services/token.go:27.73,43.2 3 1
github.com/par1ram/silence/api/auth/internal/services/token.go:46.82,47.111 1 1
github.com/par1ram/silence/api/auth/internal/services/token.go:47.111,48.58 1 1
github.com/par1ram/silence/api/auth/internal/services/token.go:48.58,50.4 1 0
github.com/par1ram/silence/api/auth/internal/services/token.go:51.3,51.26 1 1
github.com/par1ram/silence/api/auth/internal/services/token.go:54.2,54.16 1 1
github.com/par1ram/silence/api/auth/internal/services/token.go:54.16,56.3 1 1
github.com/par1ram/silence/api/auth/internal/services/token.go:58.2,58.68 1 1
github.com/par1ram/silence/api/auth/internal/services/token.go:58.68,60.3 1 1
github.com/par1ram/silence/api/auth/internal/services/token.go:62.2,62.41 1 0
github.com/par1ram/silence/api/auth/internal/services/user.go:20.105,25.2 1 1
github.com/par1ram/silence/api/auth/internal/services/user.go:28.112,31.39 2 1
github.com/par1ram/silence/api/auth/internal/services/user.go:31.39,33.3 1 0
github.com/par1ram/silence/api/auth/internal/services/user.go:36.2,37.16 2 1
github.com/par1ram/silence/api/auth/internal/services/user.go:37.16,39.3 1 1
github.com/par1ram/silence/api/auth/internal/services/user.go:42.2,53.53 2 1
github.com/par1ram/silence/api/auth/internal/services/user.go:53.53,55.3 1 1
github.com/par1ram/silence/api/auth/internal/services/user.go:57.2,57.18 1 1
github.com/par1ram/silence/api/auth/internal/services/user.go:61.89,63.16 2 1
github.com/par1ram/silence/api/auth/internal/services/user.go:63.16,65.3 1 1
github.com/par1ram/silence/api/auth/internal/services/user.go:66.2,66.18 1 1
github.com/par1ram/silence/api/auth/internal/services/user.go:70.123,73.16 2 1
github.com/par1ram/silence/api/auth/internal/services/user.go:73.16,75.3 1 1
github.com/par1ram/silence/api/auth/internal/services/user.go:78.2,78.21 1 1
github.com/par1ram/silence/api/auth/internal/services/user.go:78.21,80.30 1 1
github.com/par1ram/silence/api/auth/internal/services/user.go:80.30,82.41 2 1
github.com/par1ram/silence/api/auth/internal/services/user.go:82.41,84.5 1 1
github.com/par1ram/silence/api/auth/internal/services/user.go:86.3,86.25 1 1
github.com/par1ram/silence/api/auth/internal/services/user.go:89.2,89.20 1 1
github.com/par1ram/silence/api/auth/internal/services/user.go:89.20,91.3 1 1
github.com/par1ram/silence/api/auth/internal/services/user.go:93.2,93.22 1 1
github.com/par1ram/silence/api/auth/internal/services/user.go:93.22,95.3 1 1
github.com/par1ram/silence/api/auth/internal/services/user.go:97.2,100.53 2 1
github.com/par1ram/silence/api/auth/internal/services/user.go:100.53,102.3 1 0
github.com/par1ram/silence/api/auth/internal/services/user.go:104.2,104.18 1 1
github.com/par1ram/silence/api/auth/internal/services/user.go:108.76,111.16 2 1
github.com/par1ram/silence/api/auth/internal/services/user.go:111.16,113.3 1 1
github.com/par1ram/silence/api/auth/internal/services/user.go:115.2,115.35 1 1
github.com/par1ram/silence/api/auth/internal/services/user.go:119.119,121.16 2 1
github.com/par1ram/silence/api/auth/internal/services/user.go:121.16,123.3 1 1
github.com/par1ram/silence/api/auth/internal/services/user.go:125.2,128.8 1 1
github.com/par1ram/silence/api/auth/internal/services/user.go:132.75,135.16 2 1
github.com/par1ram/silence/api/auth/internal/services/user.go:135.16,137.3 1 1
github.com/par1ram/silence/api/auth/internal/services/user.go:139.2,139.63 1 1
github.com/par1ram/silence/api/auth/internal/services/user.go:143.77,146.16 2 1
github.com/par1ram/silence/api/auth/internal/services/user.go:146.16,148.3 1 1
github.com/par1ram/silence/api/auth/internal/services/user.go:150.2,150.62 1 1
github.com/par1ram/silence/api/auth/internal/services/user.go:154.102,157.16 2 1
github.com/par1ram/silence/api/auth/internal/services/user.go:157.16,159.3 1 1
github.com/par1ram/silence/api/auth/internal/services/user.go:161.2,161.45 1 1
