mode: set
github.com/par1ram/silence/rpc/vpn-core/internal/services/health.go:15.72,20.2 1 1
github.com/par1ram/silence/rpc/vpn-core/internal/services/health.go:23.58,25.2 1 1
github.com/par1ram/silence/rpc/vpn-core/internal/services/key.go:16.43,18.2 1 1
github.com/par1ram/silence/rpc/vpn-core/internal/services/key.go:21.84,24.54 2 1
github.com/par1ram/silence/rpc/vpn-core/internal/services/key.go:24.54,26.3 1 0
github.com/par1ram/silence/rpc/vpn-core/internal/services/key.go:29.2,36.35 5 1
github.com/par1ram/silence/rpc/vpn-core/internal/services/key.go:40.65,41.25 1 1
github.com/par1ram/silence/rpc/vpn-core/internal/services/key.go:41.25,43.3 1 1
github.com/par1ram/silence/rpc/vpn-core/internal/services/key.go:46.2,47.16 2 1
github.com/par1ram/silence/rpc/vpn-core/internal/services/key.go:47.16,49.3 1 1
github.com/par1ram/silence/rpc/vpn-core/internal/services/key.go:52.2,52.28 1 1
github.com/par1ram/silence/rpc/vpn-core/internal/services/monitor.go:38.24,48.2 1 1
github.com/par1ram/silence/rpc/vpn-core/internal/services/monitor.go:51.69,55.20 3 0
github.com/par1ram/silence/rpc/vpn-core/internal/services/monitor.go:55.20,57.3 1 0
github.com/par1ram/silence/rpc/vpn-core/internal/services/monitor.go:59.2,65.12 5 0
github.com/par1ram/silence/rpc/vpn-core/internal/services/monitor.go:69.68,73.21 3 0
github.com/par1ram/silence/rpc/vpn-core/internal/services/monitor.go:73.21,75.3 1 0
github.com/par1ram/silence/rpc/vpn-core/internal/services/monitor.go:77.2,81.12 4 0
github.com/par1ram/silence/rpc/vpn-core/internal/services/monitor.go:85.53,89.2 3 0
github.com/par1ram/silence/rpc/vpn-core/internal/services/monitor.go:92.62,96.6 3 0
github.com/par1ram/silence/rpc/vpn-core/internal/services/monitor.go:96.6,97.10 1 0
github.com/par1ram/silence/rpc/vpn-core/internal/services/monitor.go:98.21,99.10 1 0
github.com/par1ram/silence/rpc/vpn-core/internal/services/monitor.go:100.21,101.10 1 0
github.com/par1ram/silence/rpc/vpn-core/internal/services/monitor.go:102.19,103.30 1 0
github.com/par1ram/silence/rpc/vpn-core/internal/services/monitor.go:109.67,111.16 2 1
github.com/par1ram/silence/rpc/vpn-core/internal/services/monitor.go:111.16,114.3 2 0
github.com/par1ram/silence/rpc/vpn-core/internal/services/monitor.go:116.2,116.33 1 1
github.com/par1ram/silence/rpc/vpn-core/internal/services/monitor.go:116.33,117.49 1 1
github.com/par1ram/silence/rpc/vpn-core/internal/services/monitor.go:117.49,119.4 1 1
github.com/par1ram/silence/rpc/vpn-core/internal/services/monitor.go:124.88,127.16 3 1
github.com/par1ram/silence/rpc/vpn-core/internal/services/monitor.go:127.16,133.77 2 0
github.com/par1ram/silence/rpc/vpn-core/internal/services/monitor.go:133.77,135.4 1 0
github.com/par1ram/silence/rpc/vpn-core/internal/services/monitor.go:136.3,136.9 1 0
github.com/par1ram/silence/rpc/vpn-core/internal/services/monitor.go:140.2,143.53 2 1
github.com/par1ram/silence/rpc/vpn-core/internal/services/monitor.go:147.92,158.70 5 1
github.com/par1ram/silence/rpc/vpn-core/internal/services/monitor.go:158.70,164.55 2 1
github.com/par1ram/silence/rpc/vpn-core/internal/services/monitor.go:164.55,170.4 3 0
github.com/par1ram/silence/rpc/vpn-core/internal/services/monitor.go:171.8,178.3 4 1
github.com/par1ram/silence/rpc/vpn-core/internal/services/monitor.go:182.124,187.79 3 1
github.com/par1ram/silence/rpc/vpn-core/internal/services/monitor.go:187.79,193.3 1 1
github.com/par1ram/silence/rpc/vpn-core/internal/services/monitor.go:197.120,198.41 1 1
github.com/par1ram/silence/rpc/vpn-core/internal/services/monitor.go:198.41,201.17 2 1
github.com/par1ram/silence/rpc/vpn-core/internal/services/monitor.go:201.17,206.12 2 0
github.com/par1ram/silence/rpc/vpn-core/internal/services/monitor.go:210.3,218.87 7 1
github.com/par1ram/silence/rpc/vpn-core/internal/services/monitor.go:218.87,225.4 1 0
github.com/par1ram/silence/rpc/vpn-core/internal/services/peer.go:22.59,27.2 1 1
github.com/par1ram/silence/rpc/vpn-core/internal/services/peer.go:30.102,35.34 3 1
github.com/par1ram/silence/rpc/vpn-core/internal/services/peer.go:35.34,37.3 1 1
github.com/par1ram/silence/rpc/vpn-core/internal/services/peer.go:39.2,61.18 5 1
github.com/par1ram/silence/rpc/vpn-core/internal/services/peer.go:65.99,70.13 4 1
github.com/par1ram/silence/rpc/vpn-core/internal/services/peer.go:70.13,72.3 1 1
github.com/par1ram/silence/rpc/vpn-core/internal/services/peer.go:74.2,75.13 2 1
github.com/par1ram/silence/rpc/vpn-core/internal/services/peer.go:75.13,77.3 1 1
github.com/par1ram/silence/rpc/vpn-core/internal/services/peer.go:79.2,79.18 1 1
github.com/par1ram/silence/rpc/vpn-core/internal/services/peer.go:83.95,88.13 4 1
github.com/par1ram/silence/rpc/vpn-core/internal/services/peer.go:88.13,90.3 1 1
github.com/par1ram/silence/rpc/vpn-core/internal/services/peer.go:92.2,93.35 2 1
github.com/par1ram/silence/rpc/vpn-core/internal/services/peer.go:93.35,95.3 1 1
github.com/par1ram/silence/rpc/vpn-core/internal/services/peer.go:97.2,97.19 1 1
github.com/par1ram/silence/rpc/vpn-core/internal/services/peer.go:101.86,106.13 4 1
github.com/par1ram/silence/rpc/vpn-core/internal/services/peer.go:106.13,108.3 1 1
github.com/par1ram/silence/rpc/vpn-core/internal/services/peer.go:110.2,110.47 1 1
github.com/par1ram/silence/rpc/vpn-core/internal/services/peer.go:110.47,112.3 1 1
github.com/par1ram/silence/rpc/vpn-core/internal/services/peer.go:114.2,120.12 3 1
github.com/par1ram/silence/rpc/vpn-core/internal/services/peer_monitor.go:14.115,19.13 4 1
github.com/par1ram/silence/rpc/vpn-core/internal/services/peer_monitor.go:19.13,21.3 1 0
github.com/par1ram/silence/rpc/vpn-core/internal/services/peer_monitor.go:23.2,24.13 2 1
github.com/par1ram/silence/rpc/vpn-core/internal/services/peer_monitor.go:24.13,26.3 1 0
github.com/par1ram/silence/rpc/vpn-core/internal/services/peer_monitor.go:28.2,34.29 6 1
github.com/par1ram/silence/rpc/vpn-core/internal/services/peer_monitor.go:34.29,36.41 2 1
github.com/par1ram/silence/rpc/vpn-core/internal/services/peer_monitor.go:36.41,38.4 1 1
github.com/par1ram/silence/rpc/vpn-core/internal/services/peer_monitor.go:38.9,38.49 1 1
github.com/par1ram/silence/rpc/vpn-core/internal/services/peer_monitor.go:38.49,40.4 1 0
github.com/par1ram/silence/rpc/vpn-core/internal/services/peer_monitor.go:40.9,42.4 1 1
github.com/par1ram/silence/rpc/vpn-core/internal/services/peer_monitor.go:45.2,52.12 2 1
github.com/par1ram/silence/rpc/vpn-core/internal/services/peer_monitor.go:56.111,61.13 4 1
github.com/par1ram/silence/rpc/vpn-core/internal/services/peer_monitor.go:61.13,63.3 1 0
github.com/par1ram/silence/rpc/vpn-core/internal/services/peer_monitor.go:65.2,66.13 2 1
github.com/par1ram/silence/rpc/vpn-core/internal/services/peer_monitor.go:66.13,68.3 1 0
github.com/par1ram/silence/rpc/vpn-core/internal/services/peer_monitor.go:70.2,81.24 3 1
github.com/par1ram/silence/rpc/vpn-core/internal/services/peer_monitor.go:85.86,90.13 4 1
github.com/par1ram/silence/rpc/vpn-core/internal/services/peer_monitor.go:90.13,92.3 1 0
github.com/par1ram/silence/rpc/vpn-core/internal/services/peer_monitor.go:94.2,95.13 2 1
github.com/par1ram/silence/rpc/vpn-core/internal/services/peer_monitor.go:95.13,97.3 1 0
github.com/par1ram/silence/rpc/vpn-core/internal/services/peer_monitor.go:99.2,106.12 4 1
github.com/par1ram/silence/rpc/vpn-core/internal/services/peer_monitor.go:110.87,115.13 4 1
github.com/par1ram/silence/rpc/vpn-core/internal/services/peer_monitor.go:115.13,117.3 1 0
github.com/par1ram/silence/rpc/vpn-core/internal/services/peer_monitor.go:119.2,120.13 2 1
github.com/par1ram/silence/rpc/vpn-core/internal/services/peer_monitor.go:120.13,122.3 1 0
github.com/par1ram/silence/rpc/vpn-core/internal/services/peer_monitor.go:124.2,131.12 4 1
github.com/par1ram/silence/rpc/vpn-core/internal/services/peer_monitor.go:135.77,138.34 2 1
github.com/par1ram/silence/rpc/vpn-core/internal/services/peer_monitor.go:138.34,140.42 2 1
github.com/par1ram/silence/rpc/vpn-core/internal/services/peer_monitor.go:140.42,142.4 1 1
github.com/par1ram/silence/rpc/vpn-core/internal/services/peer_monitor.go:142.9,142.48 1 1
github.com/par1ram/silence/rpc/vpn-core/internal/services/peer_monitor.go:142.48,144.4 1 0
github.com/par1ram/silence/rpc/vpn-core/internal/services/peer_monitor.go:144.9,144.48 1 1
github.com/par1ram/silence/rpc/vpn-core/internal/services/peer_monitor.go:144.48,146.4 1 1
github.com/par1ram/silence/rpc/vpn-core/internal/services/peer_monitor.go:149.2,149.25 1 1
github.com/par1ram/silence/rpc/vpn-core/internal/services/peer_monitor.go:149.25,151.3 1 1
github.com/par1ram/silence/rpc/vpn-core/internal/services/peer_monitor.go:153.2,153.22 1 1
github.com/par1ram/silence/rpc/vpn-core/internal/services/peer_monitor.go:153.22,154.42 1 1
github.com/par1ram/silence/rpc/vpn-core/internal/services/peer_monitor.go:154.42,156.4 1 1
github.com/par1ram/silence/rpc/vpn-core/internal/services/peer_monitor.go:156.9,156.49 1 1
github.com/par1ram/silence/rpc/vpn-core/internal/services/peer_monitor.go:156.49,158.4 1 0
github.com/par1ram/silence/rpc/vpn-core/internal/services/peer_monitor.go:161.2,161.21 1 1
github.com/par1ram/silence/rpc/vpn-core/internal/services/peer_monitor.go:162.31,163.17 1 1
github.com/par1ram/silence/rpc/vpn-core/internal/services/peer_monitor.go:164.33,165.17 1 1
github.com/par1ram/silence/rpc/vpn-core/internal/services/peer_monitor.go:166.56,167.17 1 1
github.com/par1ram/silence/rpc/vpn-core/internal/services/peer_monitor.go:170.2,170.16 1 1
github.com/par1ram/silence/rpc/vpn-core/internal/services/peer_utils.go:8.30,10.2 1 1
github.com/par1ram/silence/rpc/vpn-core/internal/services/tunnel.go:30.124,41.2 1 1
github.com/par1ram/silence/rpc/vpn-core/internal/services/tunnel.go:44.116,49.16 4 1
github.com/par1ram/silence/rpc/vpn-core/internal/services/tunnel.go:49.16,51.3 1 0
github.com/par1ram/silence/rpc/vpn-core/internal/services/tunnel.go:53.2,77.20 5 1
github.com/par1ram/silence/rpc/vpn-core/internal/services/tunnel.go:81.91,86.13 4 1
github.com/par1ram/silence/rpc/vpn-core/internal/services/tunnel.go:86.13,88.3 1 1
github.com/par1ram/silence/rpc/vpn-core/internal/services/tunnel.go:90.2,90.20 1 1
github.com/par1ram/silence/rpc/vpn-core/internal/services/tunnel.go:94.84,99.35 4 1
github.com/par1ram/silence/rpc/vpn-core/internal/services/tunnel.go:99.35,101.3 1 1
github.com/par1ram/silence/rpc/vpn-core/internal/services/tunnel.go:103.2,103.21 1 1
github.com/par1ram/silence/rpc/vpn-core/internal/services/tunnel.go:107.76,111.41 3 1
github.com/par1ram/silence/rpc/vpn-core/internal/services/tunnel.go:111.41,113.3 1 1
github.com/par1ram/silence/rpc/vpn-core/internal/services/tunnel.go:115.2,122.12 7 1
github.com/par1ram/silence/rpc/vpn-core/internal/services/tunnel.go:126.75,131.13 4 1
github.com/par1ram/silence/rpc/vpn-core/internal/services/tunnel.go:131.13,133.3 1 1
github.com/par1ram/silence/rpc/vpn-core/internal/services/tunnel.go:135.2,135.120 1 1
github.com/par1ram/silence/rpc/vpn-core/internal/services/tunnel.go:135.120,140.3 4 1
github.com/par1ram/silence/rpc/vpn-core/internal/services/tunnel.go:142.2,149.12 5 1
github.com/par1ram/silence/rpc/vpn-core/internal/services/tunnel.go:153.74,158.13 4 1
github.com/par1ram/silence/rpc/vpn-core/internal/services/tunnel.go:158.13,160.3 1 1
github.com/par1ram/silence/rpc/vpn-core/internal/services/tunnel.go:162.2,162.70 1 1
github.com/par1ram/silence/rpc/vpn-core/internal/services/tunnel.go:162.70,167.3 4 1
github.com/par1ram/silence/rpc/vpn-core/internal/services/tunnel.go:169.2,176.12 5 1
github.com/par1ram/silence/rpc/vpn-core/internal/services/tunnel_monitor.go:13.101,18.13 4 1
github.com/par1ram/silence/rpc/vpn-core/internal/services/tunnel_monitor.go:18.13,20.3 1 1
github.com/par1ram/silence/rpc/vpn-core/internal/services/tunnel_monitor.go:22.2,24.29 3 1
github.com/par1ram/silence/rpc/vpn-core/internal/services/tunnel_monitor.go:24.29,25.45 1 0
github.com/par1ram/silence/rpc/vpn-core/internal/services/tunnel_monitor.go:25.45,27.4 1 0
github.com/par1ram/silence/rpc/vpn-core/internal/services/tunnel_monitor.go:30.2,31.79 2 1
github.com/par1ram/silence/rpc/vpn-core/internal/services/tunnel_monitor.go:31.79,34.3 2 1
github.com/par1ram/silence/rpc/vpn-core/internal/services/tunnel_monitor.go:36.2,37.57 2 1
github.com/par1ram/silence/rpc/vpn-core/internal/services/tunnel_monitor.go:37.57,39.3 1 0
github.com/par1ram/silence/rpc/vpn-core/internal/services/tunnel_monitor.go:41.2,51.8 1 1
github.com/par1ram/silence/rpc/vpn-core/internal/services/tunnel_monitor.go:55.127,60.13 4 1
github.com/par1ram/silence/rpc/vpn-core/internal/services/tunnel_monitor.go:60.13,62.3 1 1
github.com/par1ram/silence/rpc/vpn-core/internal/services/tunnel_monitor.go:64.2,65.48 2 1
github.com/par1ram/silence/rpc/vpn-core/internal/services/tunnel_monitor.go:65.48,67.3 1 1
github.com/par1ram/silence/rpc/vpn-core/internal/services/tunnel_monitor.go:69.2,71.29 3 1
github.com/par1ram/silence/rpc/vpn-core/internal/services/tunnel_monitor.go:71.29,81.3 2 0
github.com/par1ram/silence/rpc/vpn-core/internal/services/tunnel_monitor.go:83.2,84.67 2 1
github.com/par1ram/silence/rpc/vpn-core/internal/services/tunnel_monitor.go:84.67,86.3 1 0
github.com/par1ram/silence/rpc/vpn-core/internal/services/tunnel_monitor.go:88.2,95.8 1 1
github.com/par1ram/silence/rpc/vpn-core/internal/services/tunnel_monitor.go:99.88,104.13 4 1
github.com/par1ram/silence/rpc/vpn-core/internal/services/tunnel_monitor.go:104.13,106.3 1 1
github.com/par1ram/silence/rpc/vpn-core/internal/services/tunnel_monitor.go:108.2,112.12 4 1
github.com/par1ram/silence/rpc/vpn-core/internal/services/tunnel_monitor.go:116.89,121.13 4 1
github.com/par1ram/silence/rpc/vpn-core/internal/services/tunnel_monitor.go:121.13,123.3 1 1
github.com/par1ram/silence/rpc/vpn-core/internal/services/tunnel_monitor.go:125.2,129.12 4 1
github.com/par1ram/silence/rpc/vpn-core/internal/services/tunnel_monitor.go:133.83,138.13 4 1
github.com/par1ram/silence/rpc/vpn-core/internal/services/tunnel_monitor.go:138.13,140.3 1 1
github.com/par1ram/silence/rpc/vpn-core/internal/services/tunnel_monitor.go:142.2,144.48 2 1
github.com/par1ram/silence/rpc/vpn-core/internal/services/tunnel_monitor.go:144.48,145.71 1 0
github.com/par1ram/silence/rpc/vpn-core/internal/services/tunnel_monitor.go:145.71,149.4 1 0
github.com/par1ram/silence/rpc/vpn-core/internal/services/tunnel_monitor.go:151.2,153.120 2 1
github.com/par1ram/silence/rpc/vpn-core/internal/services/tunnel_monitor.go:153.120,158.3 4 1
github.com/par1ram/silence/rpc/vpn-core/internal/services/tunnel_monitor.go:160.2,166.12 6 1
github.com/par1ram/silence/rpc/vpn-core/internal/services/tunnel_utils.go:8.26,10.2 1 1
